2024-02-20 21:50:43,130 [INFO] Activator:179 - 


2024-02-20 21:50:43,130 [INFO] Activator:180 - !SESSION log4j initialized
2024-02-20 21:50:55,284 [INFO] McuFinderGlobals:52 - Set McuFinder mode to 2 (CubeIDE integrated)
2024-02-20 21:51:01,389 [INFO] ApplicationProperties:181 - Using Application install path: C:\ST\STM32CubeIDE_1.11.0\STM32CubeIDE\plugins\com.st.stm32cube.common.mx_6.7.0.202211181646
2024-02-20 21:51:01,781 [INFO] DbMcusXml:77 - Set database path to: C:\ST\STM32CubeIDE_1.11.0\STM32CubeIDE\plugins\com.st.stm32cube.common.mx_6.7.0.202211181646\\db\/mcu/
2024-02-20 21:51:01,796 [INFO] ApiDb:273 - Set plugin database path to: C:\ST\STM32CubeIDE_1.11.0\STM32CubeIDE\plugins\com.st.stm32cube.common.mx_6.7.0.202211181646\\db\/plugins/boardmanager/
2024-02-20 21:51:01,796 [WARN] ApiDb:258 - Overriding images path with different value:  => C:\ST\STM32CubeIDE_1.11.0\STM32CubeIDE\plugins\com.st.stm32cube.common.mx_6.7.0.202211181646\\db\/plugins/mcufinder/images/
2024-02-20 21:51:02,046 [INFO] ApiDb:249 - Set database path to: C:\Users\Tando\.stmcufinder\plugins\mcufinder//mcu/
2024-02-20 21:51:02,062 [INFO] DbMcusAds:124 - Set database path to: C:\Users\Tando\.stmcufinder\plugins\mcufinder//mcu/
2024-02-20 21:51:02,125 [INFO] CrossReferenceDbSqlite:202 - Set database path to: C:\Users\Tando\.stmcufinder\plugins\mcufinder//mcu/cs/
2024-02-20 21:51:02,818 [INFO] RulesReader:61 - Compatibility file has been processed (283 Rules)
2024-02-20 21:51:03,730 [INFO] DbMcusXml:77 - Set database path to: C:\ST\STM32CubeIDE_1.11.0\STM32CubeIDE\plugins\com.st.stm32cube.common.mx_6.7.0.202211181646\\db\/mcu/
2024-02-20 21:51:03,730 [INFO] ApiDb:273 - Set plugin database path to: C:\ST\STM32CubeIDE_1.11.0\STM32CubeIDE\plugins\com.st.stm32cube.common.mx_6.7.0.202211181646\\db\/plugins/boardmanager/
2024-02-20 21:51:03,730 [INFO] ApiDb:260 - Set plugin images path to: C:\ST\STM32CubeIDE_1.11.0\STM32CubeIDE\plugins\com.st.stm32cube.common.mx_6.7.0.202211181646\\db\/plugins/mcufinder/images/
2024-02-20 21:51:03,730 [WARN] DbFile:40 - Overriding database path with different value: C:\Users\Tando\.stmcufinder\plugins\mcufinder/ => C:\Users\Tando\.stmcufinder\plugins\mcufinder
2024-02-20 21:51:03,730 [INFO] ApiDb:249 - Set database path to: C:\Users\Tando\.stmcufinder\plugins\mcufinder//mcu/
2024-02-20 21:51:03,730 [WARN] DbFile:40 - Overriding database path with different value: C:\Users\Tando\.stmcufinder\plugins\mcufinder/ => C:\Users\Tando\.stmcufinder\plugins\mcufinder
2024-02-20 21:51:03,730 [INFO] DbMcusAds:124 - Set database path to: C:\Users\Tando\.stmcufinder\plugins\mcufinder//mcu/
2024-02-20 21:51:03,730 [WARN] DbFile:40 - Overriding database path with different value: C:\Users\Tando\.stmcufinder\plugins\mcufinder/ => C:\Users\Tando\.stmcufinder\plugins\mcufinder
2024-02-20 21:51:03,730 [WARN] DbFile:40 - Overriding database path with different value: C:\Users\Tando\.stmcufinder\plugins\mcufinder/ => C:\Users\Tando\.stmcufinder\plugins\mcufinder
2024-02-20 21:51:03,730 [INFO] CrossReferenceDbSqlite:202 - Set database path to: C:\Users\Tando\.stmcufinder\plugins\mcufinder//mcu/cs/
2024-02-20 21:51:04,817 [INFO] MainPanel:252 - HeapMemory: 268435456
2024-02-20 21:51:06,222 [INFO] DbMcusXml:77 - Set database path to: C:\ST\STM32CubeIDE_1.11.0\STM32CubeIDE\plugins\com.st.stm32cube.common.mx_6.7.0.202211181646\\db\/mcu/
2024-02-20 21:51:06,222 [INFO] ApiDb:273 - Set plugin database path to: C:\ST\STM32CubeIDE_1.11.0\STM32CubeIDE\plugins\com.st.stm32cube.common.mx_6.7.0.202211181646\\db\/plugins/boardmanager/
2024-02-20 21:51:06,222 [INFO] ApiDb:260 - Set plugin images path to: C:\ST\STM32CubeIDE_1.11.0\STM32CubeIDE\plugins\com.st.stm32cube.common.mx_6.7.0.202211181646\\db\/plugins/mcufinder/images/
2024-02-20 21:51:06,222 [WARN] DbFile:40 - Overriding database path with different value: C:\Users\Tando\.stmcufinder\plugins\mcufinder/ => C:\Users\Tando\.stmcufinder\plugins\mcufinder
2024-02-20 21:51:06,222 [INFO] ApiDb:249 - Set database path to: C:\Users\Tando\.stmcufinder\plugins\mcufinder//mcu/
2024-02-20 21:51:06,222 [WARN] DbFile:40 - Overriding database path with different value: C:\Users\Tando\.stmcufinder\plugins\mcufinder/ => C:\Users\Tando\.stmcufinder\plugins\mcufinder
2024-02-20 21:51:06,222 [INFO] DbMcusAds:124 - Set database path to: C:\Users\Tando\.stmcufinder\plugins\mcufinder//mcu/
2024-02-20 21:51:06,222 [WARN] DbFile:40 - Overriding database path with different value: C:\Users\Tando\.stmcufinder\plugins\mcufinder/ => C:\Users\Tando\.stmcufinder\plugins\mcufinder
2024-02-20 21:51:06,222 [WARN] DbFile:40 - Overriding database path with different value: C:\Users\Tando\.stmcufinder\plugins\mcufinder/ => C:\Users\Tando\.stmcufinder\plugins\mcufinder
2024-02-20 21:51:06,222 [INFO] CrossReferenceDbSqlite:202 - Set database path to: C:\Users\Tando\.stmcufinder\plugins\mcufinder//mcu/cs/
2024-02-20 21:51:06,428 [INFO] ApplicationProperties:181 - Using Application install path: C:\ST\STM32CubeIDE_1.11.0\STM32CubeIDE\plugins\com.st.stm32cube.common.mx_6.7.0.202211181646
2024-02-20 21:51:06,428 [INFO] PluginManage:193 - Search for loadable plugins [exclusion list=, ]
2024-02-20 21:51:06,460 [INFO] PluginManage:307 - Check plugin analytics
2024-02-20 21:51:07,613 [INFO] AnalyticsPlugin:262 - Accepted Software Licenses: 
2024-02-20 21:51:07,613 [INFO] AnalyticsPlugin:264 - Accepted CMSIS Pack Licenses: 
2024-02-20 21:51:07,613 [INFO] AnalyticsPlugin:266 - Accepted Firmware Licenses: 
2024-02-20 21:51:07,637 [INFO] PluginManage:356 - Loaded plugin analytics (category:tool,tabindex:-1)
2024-02-20 21:51:07,637 [INFO] PluginManage:307 - Check plugin cadmodel
2024-02-20 21:51:07,710 [INFO] CADModel:104 - Init CAD model plugin
2024-02-20 21:51:07,710 [INFO] PluginManage:356 - Loaded plugin cadmodel (category:power,tabindex:5)
2024-02-20 21:51:07,710 [INFO] PluginManage:307 - Check plugin clock
2024-02-20 21:51:07,914 [INFO] PluginManage:356 - Loaded plugin clock (category:base,tabindex:2)
2024-02-20 21:51:07,914 [INFO] PluginManage:307 - Check plugin ddr
2024-02-20 21:51:07,992 [INFO] PluginManage:356 - Loaded plugin ddr (category:tool,tabindex:6)
2024-02-20 21:51:07,992 [INFO] PluginManage:307 - Check plugin filemanager
2024-02-20 21:51:08,980 [INFO] PluginManage:356 - Loaded plugin filemanager (category:base,tabindex:10)
2024-02-20 21:51:08,980 [INFO] PluginManage:307 - Check plugin ipmanager
2024-02-20 21:51:09,022 [INFO] PluginManage:356 - Loaded plugin ipmanager (category:base,tabindex:5)
2024-02-20 21:51:09,022 [INFO] PluginManage:307 - Check plugin lpbam
2024-02-20 21:51:09,180 [INFO] PluginManage:356 - Loaded plugin lpbam (category:base,tabindex:0)
2024-02-20 21:51:09,180 [INFO] PluginManage:307 - Check plugin pinoutandconfiguration
2024-02-20 21:51:09,243 [INFO] PluginManage:356 - Loaded plugin pinoutandconfiguration (category:base,tabindex:1)
2024-02-20 21:51:09,243 [INFO] PluginManage:307 - Check plugin pinoutconfig
2024-02-20 21:51:09,385 [INFO] PluginManage:356 - Loaded plugin pinoutconfig (category:base,tabindex:0)
2024-02-20 21:51:09,385 [INFO] PluginManage:307 - Check plugin power
2024-02-20 21:51:09,495 [INFO] PluginManage:356 - Loaded plugin power (category:power,tabindex:4)
2024-02-20 21:51:09,495 [INFO] PluginManage:307 - Check plugin projectmanager
2024-02-20 21:51:09,526 [INFO] PluginManage:356 - Loaded plugin projectmanager (category:projectmanager,tabindex:3)
2024-02-20 21:51:09,526 [INFO] PluginManage:307 - Check plugin thirdparty
2024-02-20 21:51:10,619 [WARN] IntegrityCheckThread:82 - waiting for thirdparty lock release [integrity check]
2024-02-20 21:51:10,619 [INFO] IntegrityCheckThread:84 - entering critical section [integrity check]
2024-02-20 21:51:10,619 [INFO] PluginManage:356 - Loaded plugin thirdparty (category:base,tabindex:-1)
2024-02-20 21:51:10,619 [INFO] PluginManage:307 - Check plugin tools
2024-02-20 21:51:10,619 [INFO] ThirdPartyUpdaterWithRetryManager:70 - Updater plugin not ready yet. [1/15]
2024-02-20 21:51:10,682 [INFO] PluginManage:356 - Loaded plugin tools (category:base,tabindex:7)
2024-02-20 21:51:10,682 [INFO] PluginManage:307 - Check plugin tutovideos
2024-02-20 21:51:11,248 [INFO] PluginManage:356 - Loaded plugin tutovideos (category:base,tabindex:-1)
2024-02-20 21:51:11,248 [INFO] PluginManage:307 - Check plugin updater
2024-02-20 21:51:11,327 [INFO] PluginManage:356 - Loaded plugin updater (category:base,tabindex:12)
2024-02-20 21:51:11,327 [INFO] PluginManage:280 - PluginManage : Loaded plugins [15]
2024-02-20 21:51:12,634 [INFO] PinOutPanel:1477 - setPackage(No Configuration,No Configuration)
2024-02-20 21:51:13,207 [INFO] CADModel:164 - CPN selected for project level
2024-02-20 21:51:13,207 [INFO] CADModel:113 - Register for checkConnection events
2024-02-20 21:51:13,301 [INFO] IPUIPlugin:79 - create IPUIPlugin
2024-02-20 21:51:13,301 [INFO] PluginManager:219 - loadIPPluginJar : add adc
2024-02-20 21:51:13,379 [INFO] IPUIPlugin:79 - create IPUIPlugin
2024-02-20 21:51:13,379 [INFO] PluginManager:219 - loadIPPluginJar : add aes
2024-02-20 21:51:13,425 [INFO] IPUIPlugin:79 - create IPUIPlugin
2024-02-20 21:51:13,425 [INFO] PluginManager:219 - loadIPPluginJar : add can
2024-02-20 21:51:13,457 [INFO] IPUIPlugin:79 - create IPUIPlugin
2024-02-20 21:51:13,457 [INFO] PluginManager:219 - loadIPPluginJar : add comp
2024-02-20 21:51:13,494 [INFO] IPUIPlugin:79 - create IPUIPlugin
2024-02-20 21:51:13,494 [INFO] PluginManager:219 - loadIPPluginJar : add cryp
2024-02-20 21:51:13,542 [INFO] IPUIPlugin:79 - create IPUIPlugin
2024-02-20 21:51:13,542 [INFO] PluginManager:219 - loadIPPluginJar : add dfsdm
2024-02-20 21:51:13,558 [INFO] IPUIPlugin:79 - create IPUIPlugin
2024-02-20 21:51:13,558 [INFO] PluginManager:219 - loadIPPluginJar : add dma
2024-02-20 21:51:13,622 [INFO] ThirdPartyUpdaterWithRetryManager:70 - Updater plugin not ready yet. [2/15]
2024-02-20 21:51:13,622 [INFO] IPUIPlugin:79 - create IPUIPlugin
2024-02-20 21:51:13,622 [INFO] PluginManager:219 - loadIPPluginJar : add dma3
2024-02-20 21:51:13,653 [INFO] IPUIPlugin:79 - create IPUIPlugin
2024-02-20 21:51:13,653 [INFO] PluginManager:219 - loadIPPluginJar : add fatfs
2024-02-20 21:51:13,716 [INFO] IPUIPlugin:79 - create IPUIPlugin
2024-02-20 21:51:13,716 [INFO] PluginManager:219 - loadIPPluginJar : add fmc
2024-02-20 21:51:13,763 [INFO] IPUIPlugin:79 - create IPUIPlugin
2024-02-20 21:51:13,763 [INFO] PluginManager:219 - loadIPPluginJar : add freertos
2024-02-20 21:51:13,794 [INFO] IPUIPlugin:79 - create IPUIPlugin
2024-02-20 21:51:13,794 [INFO] PluginManager:219 - loadIPPluginJar : add genericplugin
2024-02-20 21:51:13,904 [INFO] IPUIPlugin:79 - create IPUIPlugin
2024-02-20 21:51:13,904 [INFO] PluginManager:219 - loadIPPluginJar : add gfxmmu
2024-02-20 21:51:14,060 [INFO] IPUIPlugin:79 - create IPUIPlugin
2024-02-20 21:51:14,060 [INFO] PluginManager:219 - loadIPPluginJar : add gic
2024-02-20 21:51:14,075 [INFO] IPUIPlugin:79 - create IPUIPlugin
2024-02-20 21:51:14,075 [INFO] PluginManager:219 - loadIPPluginJar : add gpio
2024-02-20 21:51:14,170 [INFO] IPUIPlugin:79 - create IPUIPlugin
2024-02-20 21:51:14,170 [INFO] PluginManager:219 - loadIPPluginJar : add gtzc
2024-02-20 21:51:14,217 [INFO] IPUIPlugin:79 - create IPUIPlugin
2024-02-20 21:51:14,217 [INFO] PluginManager:219 - loadIPPluginJar : add hash
2024-02-20 21:51:14,298 [INFO] IPUIPlugin:79 - create IPUIPlugin
2024-02-20 21:51:14,298 [INFO] PluginManager:219 - loadIPPluginJar : add i2c
2024-02-20 21:51:14,442 [INFO] IPUIPlugin:79 - create IPUIPlugin
2024-02-20 21:51:14,442 [INFO] PluginManager:219 - loadIPPluginJar : add i2s
2024-02-20 21:51:14,615 [INFO] IPUIPlugin:79 - create IPUIPlugin
2024-02-20 21:51:14,615 [INFO] PluginManager:219 - loadIPPluginJar : add ipddr
2024-02-20 21:51:14,726 [INFO] IPUIPlugin:79 - create IPUIPlugin
2024-02-20 21:51:14,726 [INFO] PluginManager:219 - loadIPPluginJar : add linkedlist
2024-02-20 21:51:14,836 [INFO] IPUIPlugin:79 - create IPUIPlugin
2024-02-20 21:51:14,836 [INFO] PluginManager:219 - loadIPPluginJar : add lorawan
2024-02-20 21:51:14,898 [INFO] IPUIPlugin:79 - create IPUIPlugin
2024-02-20 21:51:14,898 [INFO] PluginManager:219 - loadIPPluginJar : add ltdc
2024-02-20 21:51:14,914 [INFO] IPUIPlugin:79 - create IPUIPlugin
2024-02-20 21:51:14,914 [INFO] PluginManager:219 - loadIPPluginJar : add mdma
2024-02-20 21:51:14,929 [INFO] IPUIPlugin:79 - create IPUIPlugin
2024-02-20 21:51:14,929 [INFO] PluginManager:219 - loadIPPluginJar : add nvic
2024-02-20 21:51:14,976 [INFO] IPUIPlugin:79 - create IPUIPlugin
2024-02-20 21:51:14,976 [INFO] PluginManager:219 - loadIPPluginJar : add opamp
2024-02-20 21:51:15,061 [INFO] IPUIPlugin:79 - create IPUIPlugin
2024-02-20 21:51:15,061 [INFO] PluginManager:219 - loadIPPluginJar : add openamp
2024-02-20 21:51:15,134 [INFO] IPUIPlugin:79 - create IPUIPlugin
2024-02-20 21:51:15,134 [INFO] PluginManager:219 - loadIPPluginJar : add pdm2pcm
2024-02-20 21:51:15,156 [INFO] IPUIPlugin:79 - create IPUIPlugin
2024-02-20 21:51:15,171 [INFO] PluginManager:219 - loadIPPluginJar : add plateformsettings
2024-02-20 21:51:15,203 [INFO] IPUIPlugin:79 - create IPUIPlugin
2024-02-20 21:51:15,203 [INFO] PluginManager:219 - loadIPPluginJar : add quadspi
2024-02-20 21:51:15,237 [INFO] IPUIPlugin:79 - create IPUIPlugin
2024-02-20 21:51:15,237 [INFO] PluginManager:219 - loadIPPluginJar : add resmgrutility
2024-02-20 21:51:15,320 [INFO] IPUIPlugin:79 - create IPUIPlugin
2024-02-20 21:51:15,320 [INFO] PluginManager:219 - loadIPPluginJar : add sai
2024-02-20 21:51:15,383 [INFO] IPUIPlugin:79 - create IPUIPlugin
2024-02-20 21:51:15,383 [INFO] PluginManager:219 - loadIPPluginJar : add spi
2024-02-20 21:51:15,445 [INFO] IPUIPlugin:79 - create IPUIPlugin
2024-02-20 21:51:15,445 [INFO] PluginManager:219 - loadIPPluginJar : add stm32_wpan
2024-02-20 21:51:15,477 [INFO] IPUIPlugin:79 - create IPUIPlugin
2024-02-20 21:51:15,477 [INFO] PluginManager:219 - loadIPPluginJar : add tim
2024-02-20 21:51:15,555 [INFO] IPUIPlugin:79 - create IPUIPlugin
2024-02-20 21:51:15,555 [INFO] PluginManager:219 - loadIPPluginJar : add touchsensing
2024-02-20 21:51:15,586 [INFO] IPUIPlugin:79 - create IPUIPlugin
2024-02-20 21:51:15,586 [INFO] PluginManager:219 - loadIPPluginJar : add tracer_emb
2024-02-20 21:51:15,619 [INFO] IPUIPlugin:79 - create IPUIPlugin
2024-02-20 21:51:15,619 [INFO] PluginManager:219 - loadIPPluginJar : add ts
2024-02-20 21:51:15,739 [INFO] IPUIPlugin:79 - create IPUIPlugin
2024-02-20 21:51:15,740 [INFO] PluginManager:219 - loadIPPluginJar : add tsc
2024-02-20 21:51:15,844 [INFO] IPUIPlugin:79 - create IPUIPlugin
2024-02-20 21:51:15,844 [INFO] PluginManager:219 - loadIPPluginJar : add ucpd
2024-02-20 21:51:15,923 [INFO] IPUIPlugin:79 - create IPUIPlugin
2024-02-20 21:51:15,923 [INFO] PluginManager:219 - loadIPPluginJar : add usart
2024-02-20 21:51:15,976 [INFO] IPUIPlugin:79 - create IPUIPlugin
2024-02-20 21:51:15,976 [INFO] PluginManager:219 - loadIPPluginJar : add usbx
2024-02-20 21:51:16,203 [INFO] CADModel:164 - CPN selected for project level
2024-02-20 21:51:16,203 [INFO] CADModel:113 - Register for checkConnection events
2024-02-20 21:51:16,203 [FATAL] Updater:308 - Updater called before beeing initialized
2024-02-20 21:51:16,203 [ERROR] CADModel:124 - Updater not yet initialized, retry later 
2024-02-20 21:51:16,626 [INFO] ThirdPartyUpdaterWithRetryManager:70 - Updater plugin not ready yet. [3/15]
2024-02-20 21:51:16,921 [INFO] CADModel:164 - CPN selected for project level
2024-02-20 21:51:16,921 [INFO] CADModel:113 - Register for checkConnection events
2024-02-20 21:51:16,921 [FATAL] Updater:308 - Updater called before beeing initialized
2024-02-20 21:51:16,921 [ERROR] CADModel:124 - Updater not yet initialized, retry later 
2024-02-20 21:51:16,921 [FATAL] Updater:308 - Updater called before beeing initialized
2024-02-20 21:51:17,192 [FATAL] Updater:308 - Updater called before beeing initialized
2024-02-20 21:51:17,211 [INFO] DbMcusAds:52 - JSON generation date=Wed Nov 29 12:52:27 CAT 2023 (1701255147349)
2024-02-20 21:51:17,211 [FATAL] Updater:308 - Updater called before beeing initialized
2024-02-20 21:51:17,477 [WARN] DetailPanel:344 - Failed to get advertising image, set to default
2024-02-20 21:51:17,669 [FATAL] Updater:308 - Updater called before beeing initialized
2024-02-20 21:51:17,702 [FATAL] Updater:308 - Updater called before beeing initialized
2024-02-20 21:51:17,702 [FATAL] Updater:308 - Updater called before beeing initialized
2024-02-20 21:51:17,702 [WARN] DetailPanel:344 - Failed to get advertising image, set to default
2024-02-20 21:51:17,702 [FATAL] Updater:308 - Updater called before beeing initialized
2024-02-20 21:51:17,865 [ERROR] Updater:1120 - MainUpdater not yet initialized. External WinMGr cannot be set.
2024-02-20 21:51:17,881 [INFO] Updater:1056 - Updater Version found : 6.7.0
2024-02-20 21:51:18,053 [INFO] ApplicationProperties:181 - Using Application install path: C:\ST\STM32CubeIDE_1.11.0\STM32CubeIDE\plugins\com.st.stm32cube.common.mx_6.7.0.202211181646
2024-02-20 21:51:19,080 [INFO] MainUpdater:2800 - connection check result : 10
2024-02-20 21:51:19,083 [INFO] MainUpdater:282 - Updater Check For Update Now.
2024-02-20 21:51:19,084 [INFO] MicroXplorer:481 - Change Database Version : DB.6.0.70
2024-02-20 21:51:19,470 [INFO] CheckServerUpdateThread:119 - End of CheckServer Thread
2024-02-20 21:51:20,082 [INFO] MainUpdater:2800 - connection check result : 10
2024-02-20 21:51:20,236 [WARN] PackLoader:242 - Cannot read IP mode file for STMicroelectronics.X-CUBE-SMBUS.2.1.0
2024-02-20 21:51:20,264 [WARN] PackLoader:242 - Cannot read IP mode file for STMicroelectronics.X-CUBE-TOUCHGFX.4.23.0
2024-02-20 21:51:20,554 [WARN] PackLoader:242 - Cannot read IP mode file for STMicroelectronics.X-CUBE-AZRTOS-F7.1.1.0
2024-02-20 21:51:20,621 [WARN] PackLoader:242 - Cannot read IP mode file for STMicroelectronics.FP-SNS-MOTENV1.4.3.2
2024-02-20 21:51:20,666 [WARN] PackLoader:242 - Cannot read IP mode file for STMicroelectronics.FP-SNS-FLIGHT1.5.0.2
2024-02-20 21:51:20,718 [WARN] PackLoader:242 - Cannot read IP mode file for STMicroelectronics.X-CUBE-DISPLAY.3.0.0
2024-02-20 21:51:20,765 [WARN] PackLoader:242 - Cannot read IP mode file for STMicroelectronics.X-CUBE-BLE1.7.0.0
2024-02-20 21:51:20,824 [WARN] PackLoader:242 - Cannot read IP mode file for emotas.I-CUBE-CANOPEN.1.3.0
2024-02-20 21:51:20,835 [WARN] PackLoader:242 - Cannot read IP mode file for STMicroelectronics.FP-SNS-SMARTAG2.1.2.0
2024-02-20 21:51:20,932 [INFO] LogOutputStream:76 - [STDOUT_REDIRECT] 1 : Invalid condition id : UX_CORESTACK_Condition cause : null
2024-02-20 21:51:20,935 [INFO] LogOutputStream:76 - [STDOUT_REDIRECT] 1 : Invalid condition id : UX_CORESTACK_Condition cause : null
2024-02-20 21:51:20,938 [INFO] LogOutputStream:76 - [STDOUT_REDIRECT] 1 : Invalid condition id : UX_CORESTACK_Condition cause : null
2024-02-20 21:51:20,938 [INFO] LogOutputStream:76 - [STDOUT_REDIRECT] 1 : Invalid condition id : UX_CORESTACK_Condition cause : null
2024-02-20 21:51:20,938 [INFO] LogOutputStream:76 - [STDOUT_REDIRECT] 1 : Invalid condition id : UX_CORESTACK_Condition cause : null
2024-02-20 21:51:20,957 [WARN] PackLoader:242 - Cannot read IP mode file for STMicroelectronics.X-CUBE-AZRTOS-WL.2.0.0
2024-02-20 21:51:21,003 [WARN] PackLoader:242 - Cannot read IP mode file for WES.I-CUBE-Cesium.1.3.0
2024-02-20 21:51:21,057 [WARN] PackLoader:242 - Cannot read IP mode file for STMicroelectronics.X-CUBE-BLE2.3.3.0
2024-02-20 21:51:21,119 [WARN] PackLoader:242 - Cannot read IP mode file for STMicroelectronics.X-CUBE-ALGOBUILD.1.3.0
2024-02-20 21:51:21,270 [WARN] PackLoader:242 - Cannot read IP mode file for STMicroelectronics.X-CUBE-AZRTOS-G0.1.1.0
2024-02-20 21:51:21,321 [WARN] PackLoader:242 - Cannot read IP mode file for STMicroelectronics.X-CUBE-NFC4.3.0.0
2024-02-20 21:51:21,355 [WARN] PackLoader:242 - Cannot read IP mode file for STMicroelectronics.X-CUBE-BLEMGR.3.0.0
2024-02-20 21:51:21,423 [WARN] PackLoader:242 - Cannot read IP mode file for STMicroelectronics.FP-ATR-SIGFOX1.3.2.0
2024-02-20 21:51:21,450 [WARN] PackLoader:242 - Cannot read IP mode file for STMicroelectronics.X-CUBE-EEPRMA1.5.1.0
2024-02-20 21:51:21,528 [WARN] PackLoader:242 - Cannot read IP mode file for SEGGER.I-CUBE-embOS.1.3.1
2024-02-20 21:51:21,614 [WARN] PackLoader:242 - Cannot read IP mode file for STMicroelectronics.X-CUBE-GNSS1.6.0.0
2024-02-20 21:51:21,732 [WARN] PackLoader:242 - Cannot read IP mode file for STMicroelectronics.X-CUBE-AZRTOS-F4.1.1.0
2024-02-20 21:51:21,778 [WARN] PackLoader:242 - Cannot read IP mode file for wolfSSL.I-CUBE-wolfSSL.5.6.6
2024-02-20 21:51:21,933 [WARN] PackLoader:242 - Cannot read IP mode file for STMicroelectronics.X-CUBE-AZRTOS-L5.2.0.0
2024-02-20 21:51:21,974 [WARN] PackLoader:242 - Cannot read IP mode file for ITTIA_DB.I-CUBE-ITTIADB.8.8.0
2024-02-20 21:51:22,015 [WARN] PackLoader:242 - Cannot read IP mode file for STMicroelectronics.X-CUBE-NFC7.1.0.1
2024-02-20 21:51:22,050 [WARN] PackLoader:242 - Cannot read IP mode file for STMicroelectronics.X-CUBE-NFC6.3.0.0
2024-02-20 21:51:22,082 [WARN] PackLoader:242 - Cannot read IP mode file for STMicroelectronics.X-CUBE-AI.8.1.0
2024-02-20 21:51:22,148 [WARN] ConditionMgr:437 - getConditionDescription Invalid condition id : LAN8742 Phy interface Condition cause : null
2024-02-20 21:51:22,148 [WARN] PackLoader:242 - Cannot read IP mode file for STMicroelectronics.X-CUBE-AZRTOS-L4.2.0.0
2024-02-20 21:51:22,163 [WARN] ConditionMgr:1038 - genDependencies : Invalid condition id : LAN8742 Phy interface Condition cause : null
2024-02-20 21:51:22,163 [WARN] ConditionMgr:1038 - genDependencies : Invalid condition id : LAN8742 Phy interface Condition cause : null
2024-02-20 21:51:22,163 [WARN] ConditionMgr:1038 - genDependencies : Invalid condition id : LAN8742 Phy interface Condition cause : null
2024-02-20 21:51:22,218 [WARN] PackLoader:242 - Cannot read IP mode file for STMicroelectronics.X-CUBE-SFXS2LP1.4.0.0
2024-02-20 21:51:22,286 [WARN] ConditionMgr:437 - getConditionDescription Invalid condition id : UX DEVICE CLASS RTOS Condition cause : null
2024-02-20 21:51:22,286 [WARN] ConditionMgr:437 - getConditionDescription Invalid condition id : UX DEVICE CLASS RTOS Condition cause : null
2024-02-20 21:51:22,286 [WARN] PackLoader:242 - Cannot read IP mode file for STMicroelectronics.X-CUBE-AZRTOS-WB.2.0.0
2024-02-20 21:51:22,286 [WARN] ConditionMgr:1038 - genDependencies : Invalid condition id : UX DEVICE CLASS RTOS Condition cause : null
2024-02-20 21:51:22,286 [WARN] ConditionMgr:1038 - genDependencies : Invalid condition id : UX DEVICE CLASS RTOS Condition cause : null
2024-02-20 21:51:22,286 [WARN] ConditionMgr:1038 - genDependencies : Invalid condition id : UX DEVICE CLASS RTOS Condition cause : null
2024-02-20 21:51:22,286 [WARN] ConditionMgr:1038 - genDependencies : Invalid condition id : UX DEVICE CLASS RTOS Condition cause : null
2024-02-20 21:51:22,286 [WARN] ConditionMgr:1038 - genDependencies : Invalid condition id : UX DEVICE CLASS RTOS Condition cause : null
2024-02-20 21:51:22,317 [WARN] PackLoader:242 - Cannot read IP mode file for STMicroelectronics.X-CUBE-SUBG2.5.0.0
2024-02-20 21:51:22,445 [INFO] ApiDb:580 - Connected to CubeFinder SQLite database (C:\Users\Tando\.stmcufinder\plugins\mcufinder\mcu\cube-finder-db.db)
2024-02-20 21:51:22,447 [WARN] PackLoader:242 - Cannot read IP mode file for STMicroelectronics.X-CUBE-AZRTOS-G4.2.0.0
2024-02-20 21:51:22,502 [WARN] PackLoader:242 - Cannot read IP mode file for Infineon.AIROC-Wi-Fi-Bluetooth-STM32.1.5.1
2024-02-20 21:51:22,643 [WARN] PackLoader:242 - Cannot read IP mode file for STMicroelectronics.FP-SNS-MOTENVWB1.1.3.1
2024-02-20 21:51:22,696 [WARN] PackLoader:242 - Cannot read IP mode file for STMicroelectronics.X-CUBE-ISPU.2.0.0
2024-02-20 21:51:22,790 [WARN] PackLoader:242 - Cannot read IP mode file for STMicroelectronics.X-CUBE-MEMS1.10.0.0
2024-02-20 21:51:23,000 [INFO] ApiDb:667 - CubeFinder database Data Model version=2.1
2024-02-20 21:51:23,000 [INFO] ApiDb:668 - CubeFinder database Configuration version=3.0.39
2024-02-20 21:51:23,000 [INFO] ApiDb:669 - CubeFinder database generation date=2024-01-11 (1704964531)
2024-02-20 21:51:23,000 [INFO] ApiDb:670 - CubeFinder database FW Pack versions=[FP-ATR-ASTRA1_V2.0.0, FP-SNS-FLIGHT1_V5.0.1, FP-SNS-FLIGHT1_V5.0.2, FP-SNS-MOTENV1_V4.3.1, FP-SNS-MOTENV1_V4.3.2, FP-SNS-MOTENVWB1_V1.3.1, FP-SNS-SMARTAG2_V1.2.0, STM32Cube_FW_C0_V1.1.0, STM32Cube_FW_F4_V1.28.0, STM32Cube_FW_F7_V1.17.0, STM32Cube_FW_G0_V1.6.2, STM32Cube_FW_G4_V1.5.2, STM32Cube_FW_H5_V0.5.1, STM32Cube_FW_H5_V1.1.1, STM32Cube_FW_H5_V1.2.0RC2, STM32Cube_FW_H7_V1.11.0, STM32Cube_FW_L0_V1.12.2, STM32Cube_FW_L5_V1.5.0, STM32Cube_FW_U5_V1.3.0RC4, STM32Cube_FW_U5_V1.4.0, STM32Cube_FW_WBA_V1.0.0RC1, STM32Cube_FW_WBA_V1.1.0RC1, STM32Cube_FW_WBA_V1.2.0, STM32Cube_FW_WBA_V1.2.0RC2, STM32Cube_FW_WB_V1.15.0RC1, STM32Cube_FW_WB_V1.16.0, STM32Cube_FW_WB_V1.16.0RC2, STM32Cube_FW_WB_V1.18.0, STM32Cube_FW_WL_V1.3.0, X-CUBE-ALGOBUILD_V1.3.0, X-CUBE-ALS_V1.0.1, X-CUBE-AZRTOS-F4_V1.1.0, X-CUBE-AZRTOS-F7_V1.1.0, X-CUBE-AZRTOS-G0_V1.1.0, X-CUBE-AZRTOS-G4_V2.0.0, X-CUBE-AZRTOS-H7_V3.2.0, X-CUBE-AZRTOS-L4_V1.0.0, X-CUBE-AZRTOS-L4_V2.0.0, X-CUBE-AZRTOS-L5_V1.1.0, X-CUBE-AZRTOS-WB_V2.0.0, X-CUBE-AZRTOS-WL_V2.0.0, X-CUBE-BLE1_V7.0.0, X-CUBE-BLE2_V3.3.0, X-CUBE-BLEMGR_V3.0.0, X-CUBE-EEPRMA1_V4.1.0, X-CUBE-EEPRMA1_V4.2.0, X-CUBE-FREERTOS_V1.1.0, X-CUBE-GNSS1_V6.0.0, X-CUBE-MEMS1_V10.0.0, X-CUBE-MEMS1_V9.1.0, X-CUBE-MEMS1_V9.4.0, X-CUBE-MEMS1_V9.6.0, X-CUBE-NFC4_V3.0.0, X-CUBE-NFC7_V1.0.1, X-CUBE-SFXS2LP1_V4.0.0, X-CUBE-SUBG2_V5.0.0, X-CUBE-TOF1_V3.4.0]
2024-02-20 21:51:23,066 [WARN] PackLoader:242 - Cannot read IP mode file for STMicroelectronics.X-CUBE-FREERTOS.1.1.0
2024-02-20 21:51:23,089 [WARN] PackLoader:242 - Cannot read IP mode file for portGmbH.I-Cube-SoM-uGOAL.1.1.0
2024-02-20 21:51:23,113 [WARN] PackLoader:242 - Cannot read IP mode file for STMicroelectronics.X-CUBE-ALS.1.0.1
2024-02-20 21:51:23,140 [WARN] PackLoader:242 - Cannot read IP mode file for STMicroelectronics.FP-ATR-ASTRA1.2.0.0
2024-02-20 21:51:23,173 [WARN] PackLoader:242 - Cannot read IP mode file for STMicroelectronics.X-CUBE-TOF1.3.4.0
2024-02-20 21:51:23,252 [WARN] PackLoader:242 - Cannot read IP mode file for STMicroelectronics.X-CUBE-AZRTOS-H7.3.2.0
2024-02-20 21:51:23,252 [INFO] ThirdParty:947 - Integrity check success = true
2024-02-20 21:51:23,252 [INFO] IntegrityCheckThread:98 - exiting critical section [integrity check]
2024-02-20 21:51:23,252 [INFO] IntegrityCheckThread:101 - End integrity checks thread
2024-02-20 21:51:26,498 [ERROR] LogOutputStream:74 - [STDERR_REDIRECT] SLF4J: Failed to load class "org.slf4j.impl.StaticLoggerBinder".
2024-02-20 21:51:26,498 [ERROR] LogOutputStream:74 - [STDERR_REDIRECT] SLF4J: Defaulting to no-operation (NOP) logger implementation
2024-02-20 21:51:26,498 [ERROR] LogOutputStream:74 - [STDERR_REDIRECT] SLF4J: See http://www.slf4j.org/codes.html#StaticLoggerBinder for further details.
2024-02-20 21:51:30,349 [INFO] ApiDb:239 - Found 143 in-development CPN: [B-WB1M-WPAN1, B-WL5M-SUBG1, NUCLEO-C031C6, STEVAL-PROTEUS1, STEVAL-STWINBX1, STM320518-EVAL, STM32C0116-DK, STM32C011D6Y3TR, STM32C011D6Y6TR, STM32C011F4P3, STM32C011F4P6, STM32C011F4U3, STM32C011F4U6TR, STM32C011F6P3, STM32C011F6P6, STM32C011F6U3, STM32C011F6U6TR, STM32C011J4M3, STM32C011J4M6, STM32C011J6M3, STM32C011J6M6, STM32C0316-DK, STM32C031C4T3, STM32C031C4T6, STM32C031C4U3, STM32C031C4U6, STM32C031C6T3, STM32C031C6T6, STM32C031C6U3, STM32C031C6U6, STM32C031F4P3, STM32C031F4P6, STM32C031F6P3, STM32C031F6P6, STM32C031G4U3, STM32C031G4U6, STM32C031G6U3, STM32C031G6U6, STM32C031K4T3, STM32C031K4T6, STM32C031K4U3, STM32C031K4U6, STM32C031K6T3, STM32C031K6T6, STM32C031K6U3, STM32C031K6U6, STM32G071K8TXN, STM32G071K8UXN, STM32G081GBU6N, STM32G081KBT6N, STM32G081KBUXN, STM32G0B1CCT6N, STM32G0B1KCT6, STM32G0B1NEY6TR, STM32G0B1RCT6N, STM32G0C1CCT6, STM32G0C1CCT6N, STM32G0C1CCU6N, STM32G0C1CET6N, STM32G0C1CEU6N, STM32G0C1KCT6, STM32G0C1NEY6TR, STM32G0C1RCI6N, STM32G0C1RCT6N, STM32G0C1REI6N, STM32G0C1RET6N, STM32G0C1VCI6, STM32G0C1VEI6, STM32G471CCT6, STM32G471CCU6, STM32G471CET3, STM32G471CET6, STM32G471CEU3, STM32G471CEU6, STM32G471MCT6, STM32G471MET3, STM32G471MET6, STM32G471MEY6TR, STM32G471QCT6, STM32G471QET3, STM32G471RCT6, STM32G471RET3, STM32G471RET6, STM32G471VCH6, STM32G471VCI6, STM32G471VCT6, STM32G471VEH3, STM32G471VEH6, STM32G471VEI3, STM32G471VEI6, STM32G471VET3, STM32G471VET6, STM32G474CCT6, STM32L476VGY6PTR, STM32L4R5QGI6STR, STM32MP131AAE3, STM32MP131AAF3, STM32MP131AAG3, STM32MP131CAE3, STM32MP131CAF3, STM32MP131CAG3, STM32MP131DAE7, STM32MP131DAF7, STM32MP131DAG7, STM32MP131FAE7, STM32MP131FAF7, STM32MP131FAG7, STM32MP133AAE3, STM32MP133AAF3, STM32MP133AAG3, STM32MP133CAE3, STM32MP133CAF3, STM32MP133CAG3, STM32MP133DAE7, STM32MP133DAF7, STM32MP133DAG7, STM32MP133FAE7, STM32MP133FAF7, STM32MP133FAG7, STM32MP135AAE3, STM32MP135AAF3, STM32MP135AAG3, STM32MP135CAE3, STM32MP135CAF3, STM32MP135CAG3, STM32MP135DAE7, STM32MP135DAF7, STM32MP135DAG7, STM32MP135F-DK, STM32MP135FAE7, STM32MP135FAF7, STM32MP135FAF7T, STM32MP135FAF7U, STM32MP135FAG7, STM32U595ZJT6Q, STM32U599BJY6QTR, STM32U599NIH6Q, STM32U599NJH6Q, STM32U5A5ZJT6Q, STM32U5A9BJY6QTR, STM32U5A9NJH6Q, STM32WB1MMCH6, STM32WL5MOCH6TR]
2024-02-20 21:51:30,349 [INFO] DbMcus:215 - Found 3853 MCUs, 3853 are supported
2024-02-20 21:51:30,365 [INFO] ApiDb:422 - Load user favorites file C:\Users\Tando/.stm32cubeide/favorites.mcus.txt: 0 item(s)
2024-02-20 21:51:30,365 [INFO] ApiDb:426 - User favorites MCUs=[]
2024-02-20 21:51:30,365 [INFO] DbMcus:221 - Set 0 / 0 favorites MCUs
2024-02-20 21:51:31,022 [INFO] McuFinderGlobals:65 - Set McuFinderConnectedMode to true
2024-02-20 21:51:31,082 [INFO] MultiScanPanel:196 - Auto-refresh data requested => check proxy status ongoing
2024-02-20 21:51:31,098 [INFO] FinderPluginLoader:92 - Searching for filters in installed packs
2024-02-20 21:51:33,720 [INFO] LoadUrlFilesThread:179 - End of LoadServerUrlFiles without Thread
2024-02-20 21:51:33,796 [INFO] DetailPanel:339 - Set advertising image to C:/Users/Tando/STM32Cube/Repository/\en.prom-stm32wl3-mcu-finder.jpg
2024-02-20 21:51:34,926 [INFO] ApiDb:667 - CubeFinder database Data Model version=2.1
2024-02-20 21:51:34,926 [INFO] ApiDb:668 - CubeFinder database Configuration version=3.0.39
2024-02-20 21:51:34,926 [INFO] ApiDb:669 - CubeFinder database generation date=2024-01-11 (1704964531)
2024-02-20 21:51:34,926 [INFO] ApiDb:670 - CubeFinder database FW Pack versions=[FP-ATR-ASTRA1_V2.0.0, FP-SNS-FLIGHT1_V5.0.1, FP-SNS-FLIGHT1_V5.0.2, FP-SNS-MOTENV1_V4.3.1, FP-SNS-MOTENV1_V4.3.2, FP-SNS-MOTENVWB1_V1.3.1, FP-SNS-SMARTAG2_V1.2.0, STM32Cube_FW_C0_V1.1.0, STM32Cube_FW_F4_V1.28.0, STM32Cube_FW_F7_V1.17.0, STM32Cube_FW_G0_V1.6.2, STM32Cube_FW_G4_V1.5.2, STM32Cube_FW_H5_V0.5.1, STM32Cube_FW_H5_V1.1.1, STM32Cube_FW_H5_V1.2.0RC2, STM32Cube_FW_H7_V1.11.0, STM32Cube_FW_L0_V1.12.2, STM32Cube_FW_L5_V1.5.0, STM32Cube_FW_U5_V1.3.0RC4, STM32Cube_FW_U5_V1.4.0, STM32Cube_FW_WBA_V1.0.0RC1, STM32Cube_FW_WBA_V1.1.0RC1, STM32Cube_FW_WBA_V1.2.0, STM32Cube_FW_WBA_V1.2.0RC2, STM32Cube_FW_WB_V1.15.0RC1, STM32Cube_FW_WB_V1.16.0, STM32Cube_FW_WB_V1.16.0RC2, STM32Cube_FW_WB_V1.18.0, STM32Cube_FW_WL_V1.3.0, X-CUBE-ALGOBUILD_V1.3.0, X-CUBE-ALS_V1.0.1, X-CUBE-AZRTOS-F4_V1.1.0, X-CUBE-AZRTOS-F7_V1.1.0, X-CUBE-AZRTOS-G0_V1.1.0, X-CUBE-AZRTOS-G4_V2.0.0, X-CUBE-AZRTOS-H7_V3.2.0, X-CUBE-AZRTOS-L4_V1.0.0, X-CUBE-AZRTOS-L4_V2.0.0, X-CUBE-AZRTOS-L5_V1.1.0, X-CUBE-AZRTOS-WB_V2.0.0, X-CUBE-AZRTOS-WL_V2.0.0, X-CUBE-BLE1_V7.0.0, X-CUBE-BLE2_V3.3.0, X-CUBE-BLEMGR_V3.0.0, X-CUBE-EEPRMA1_V4.1.0, X-CUBE-EEPRMA1_V4.2.0, X-CUBE-FREERTOS_V1.1.0, X-CUBE-GNSS1_V6.0.0, X-CUBE-MEMS1_V10.0.0, X-CUBE-MEMS1_V9.1.0, X-CUBE-MEMS1_V9.4.0, X-CUBE-MEMS1_V9.6.0, X-CUBE-NFC4_V3.0.0, X-CUBE-NFC7_V1.0.1, X-CUBE-SFXS2LP1_V4.0.0, X-CUBE-SUBG2_V5.0.0, X-CUBE-TOF1_V3.4.0]
2024-02-20 21:51:35,333 [INFO] DbBoardsSqlite:225 - include board P-NUCLEO-WB55-NUCLEO as a kit item of type 'Nucleo-64'
2024-02-20 21:51:35,333 [INFO] DbBoardsSqlite:225 - include board P-NUCLEO-WB55-USBDONGLE as a kit item of type 'Nucleo USB Dongle'
2024-02-20 21:51:35,333 [INFO] DbBoardsSqlite:225 - include board STEVAL-IDP005V1 as a kit item of type 'Evaluation Board'
2024-02-20 21:51:35,333 [INFO] DbBoardsSqlite:225 - include board STEVAL-IDP005V2 as a kit item of type 'Evaluation Board'
2024-02-20 21:51:35,782 [INFO] ApiDb:239 - Found 143 in-development CPN: [B-WB1M-WPAN1, B-WL5M-SUBG1, NUCLEO-C031C6, STEVAL-PROTEUS1, STEVAL-STWINBX1, STM320518-EVAL, STM32C0116-DK, STM32C011D6Y3TR, STM32C011D6Y6TR, STM32C011F4P3, STM32C011F4P6, STM32C011F4U3, STM32C011F4U6TR, STM32C011F6P3, STM32C011F6P6, STM32C011F6U3, STM32C011F6U6TR, STM32C011J4M3, STM32C011J4M6, STM32C011J6M3, STM32C011J6M6, STM32C0316-DK, STM32C031C4T3, STM32C031C4T6, STM32C031C4U3, STM32C031C4U6, STM32C031C6T3, STM32C031C6T6, STM32C031C6U3, STM32C031C6U6, STM32C031F4P3, STM32C031F4P6, STM32C031F6P3, STM32C031F6P6, STM32C031G4U3, STM32C031G4U6, STM32C031G6U3, STM32C031G6U6, STM32C031K4T3, STM32C031K4T6, STM32C031K4U3, STM32C031K4U6, STM32C031K6T3, STM32C031K6T6, STM32C031K6U3, STM32C031K6U6, STM32G071K8TXN, STM32G071K8UXN, STM32G081GBU6N, STM32G081KBT6N, STM32G081KBUXN, STM32G0B1CCT6N, STM32G0B1KCT6, STM32G0B1NEY6TR, STM32G0B1RCT6N, STM32G0C1CCT6, STM32G0C1CCT6N, STM32G0C1CCU6N, STM32G0C1CET6N, STM32G0C1CEU6N, STM32G0C1KCT6, STM32G0C1NEY6TR, STM32G0C1RCI6N, STM32G0C1RCT6N, STM32G0C1REI6N, STM32G0C1RET6N, STM32G0C1VCI6, STM32G0C1VEI6, STM32G471CCT6, STM32G471CCU6, STM32G471CET3, STM32G471CET6, STM32G471CEU3, STM32G471CEU6, STM32G471MCT6, STM32G471MET3, STM32G471MET6, STM32G471MEY6TR, STM32G471QCT6, STM32G471QET3, STM32G471RCT6, STM32G471RET3, STM32G471RET6, STM32G471VCH6, STM32G471VCI6, STM32G471VCT6, STM32G471VEH3, STM32G471VEH6, STM32G471VEI3, STM32G471VEI6, STM32G471VET3, STM32G471VET6, STM32G474CCT6, STM32L476VGY6PTR, STM32L4R5QGI6STR, STM32MP131AAE3, STM32MP131AAF3, STM32MP131AAG3, STM32MP131CAE3, STM32MP131CAF3, STM32MP131CAG3, STM32MP131DAE7, STM32MP131DAF7, STM32MP131DAG7, STM32MP131FAE7, STM32MP131FAF7, STM32MP131FAG7, STM32MP133AAE3, STM32MP133AAF3, STM32MP133AAG3, STM32MP133CAE3, STM32MP133CAF3, STM32MP133CAG3, STM32MP133DAE7, STM32MP133DAF7, STM32MP133DAG7, STM32MP133FAE7, STM32MP133FAF7, STM32MP133FAG7, STM32MP135AAE3, STM32MP135AAF3, STM32MP135AAG3, STM32MP135CAE3, STM32MP135CAF3, STM32MP135CAG3, STM32MP135DAE7, STM32MP135DAF7, STM32MP135DAG7, STM32MP135F-DK, STM32MP135FAE7, STM32MP135FAF7, STM32MP135FAF7T, STM32MP135FAF7U, STM32MP135FAG7, STM32U595ZJT6Q, STM32U599BJY6QTR, STM32U599NIH6Q, STM32U599NJH6Q, STM32U5A5ZJT6Q, STM32U5A9BJY6QTR, STM32U5A9NJH6Q, STM32WB1MMCH6, STM32WL5MOCH6TR]
2024-02-20 21:51:36,240 [INFO] BoardInfo:879 - No configuration file found for board NUCLEO-H503RB
2024-02-20 21:51:36,240 [INFO] DbBoards:156 - Board is not supported: NUCLEO-H503RB
2024-02-20 21:51:36,240 [INFO] BoardInfo:879 - No configuration file found for board NUCLEO-H563ZI
2024-02-20 21:51:36,240 [INFO] DbBoards:156 - Board is not supported: NUCLEO-H563ZI
2024-02-20 21:51:36,319 [INFO] BoardInfo:879 - No configuration file found for board NUCLEO-U545RE-Q
2024-02-20 21:51:36,319 [INFO] DbBoards:156 - Board is not supported: NUCLEO-U545RE-Q
2024-02-20 21:51:36,338 [INFO] BoardInfo:879 - No configuration file found for board NUCLEO-U5A5ZJ-Q
2024-02-20 21:51:36,338 [INFO] DbBoards:156 - Board is not supported: NUCLEO-U5A5ZJ-Q
2024-02-20 21:51:36,365 [INFO] BoardInfo:879 - No configuration file found for board NUCLEO-WBA52CG
2024-02-20 21:51:36,365 [INFO] DbBoards:156 - Board is not supported: NUCLEO-WBA52CG
2024-02-20 21:51:36,379 [INFO] BoardInfo:879 - No configuration file found for board P-NUCLEO-WB55
2024-02-20 21:51:36,379 [INFO] DbBoards:156 - Kit is not supported: P-NUCLEO-WB55
2024-02-20 21:51:36,379 [INFO] BoardInfo:879 - No configuration file found for board STEVAL-BFA001V1B
2024-02-20 21:51:36,379 [INFO] DbBoards:156 - Kit is not supported: STEVAL-BFA001V1B
2024-02-20 21:51:36,379 [INFO] BoardInfo:879 - No configuration file found for board STEVAL-BFA001V2B
2024-02-20 21:51:36,379 [INFO] DbBoards:156 - Kit is not supported: STEVAL-BFA001V2B
2024-02-20 21:51:36,395 [INFO] BoardInfo:879 - No configuration file found for board STEVAL-MKBOXPRO
2024-02-20 21:51:36,395 [INFO] DbBoards:156 - Board is not supported: STEVAL-MKBOXPRO
2024-02-20 21:51:36,395 [INFO] BoardInfo:879 - No configuration file found for board STEVAL-SMARTAG2
2024-02-20 21:51:36,395 [INFO] DbBoards:156 - Board is not supported: STEVAL-SMARTAG2
2024-02-20 21:51:36,516 [INFO] BoardInfo:879 - No configuration file found for board STM32H573I-DK
2024-02-20 21:51:36,516 [INFO] DbBoards:156 - Board is not supported: STM32H573I-DK
2024-02-20 21:51:36,614 [INFO] BoardInfo:879 - No configuration file found for board STM32U5A9J-DK
2024-02-20 21:51:36,614 [INFO] DbBoards:156 - Board is not supported: STM32U5A9J-DK
2024-02-20 21:51:36,614 [INFO] DbBoards:160 - Found 188 boards, 176 are supported
2024-02-20 21:51:36,630 [INFO] ApiDb:413 - User favorites file not found: C:\Users\Tando/.stm32cubeide/favorites.boards.txt
2024-02-20 21:51:36,630 [INFO] DbBoards:189 - Set 0 / 0 favorites Boards
2024-02-20 21:51:45,658 [INFO] MultiScanPanel:196 - Auto-refresh data requested => check proxy status ongoing
2024-02-20 21:51:46,017 [INFO] LoadUrlFilesThread:179 - End of LoadServerUrlFiles without Thread
2024-02-20 21:51:46,017 [INFO] DetailPanel:339 - Set advertising image to C:/Users/Tando/STM32Cube/Repository/\en.prom-stm32wl3-mcu-finder.jpg
2024-02-20 21:51:46,034 [INFO] DbBoards:633 - Loading board mini-images...
2024-02-20 21:51:55,696 [INFO] DbBoards:656 - Loaded 188 board mini-images
2024-02-20 21:54:44,565 [INFO] MainUpdater:2800 - connection check result : 10
2024-02-20 21:54:44,566 [INFO] MainUpdater:2800 - connection check result : 10
2024-02-20 21:54:44,890 [INFO] MicroXplorer:451 - Change Database Path : 
2024-02-20 21:54:44,892 [INFO] MicroXplorer:481 - Change Database Version : DB.6.0.70
2024-02-20 21:54:44,892 [WARN] ThirdParty:845 - waiting for thirdparty lock release [close project]
2024-02-20 21:54:44,892 [INFO] ThirdParty:847 - entering critical section [close project]
2024-02-20 21:54:44,892 [INFO] ThirdParty:857 - exiting critical section [close project]
2024-02-20 21:54:44,899 [INFO] PinOutPanel:1477 - setPackage(No Configuration,No Configuration)
2024-02-20 21:54:44,899 [INFO] UtilMem:74 - Begin LoadConfig() Used Memory: 818662656 Bytes (849346560)
2024-02-20 21:54:44,914 [INFO] OpenFileManager:307 - Change cursor
2024-02-20 21:54:45,182 [INFO] ProjectFactory:399 - No CPN specified for board NUCLEO-F411RE => set CPN to STM32F411RET6
2024-02-20 21:54:45,182 [INFO] Mcu:1925 - Initializing MCU STM32F411R(C-E)Tx STM32F411RETx STM32F411RET6
2024-02-20 21:54:49,282 [INFO] Context:654 - Trying to add GPIOservice into a context  which must be forbidden
2024-02-20 21:54:50,099 [INFO] Rule:225 - rule 117617 - U5Cobra4M][GTZC] default value MPCBB3 and MPCBB5 - Not Secured memory - MPCBB1 is applicable
2024-02-20 21:54:50,099 [INFO] Rule:225 - rule 117617 - U5Cobra4M][GTZC] default value MPCBB3 and MPCBB5 - Not Secured memory - MPCBB1 is applicable
2024-02-20 21:54:50,099 [INFO] Rule:225 - rule 117617 - U5Cobra4M][GTZC] default value MPCBB3 and MPCBB5 - Not Secured memory - MPCBB2 is applicable
2024-02-20 21:54:50,099 [INFO] Rule:225 - rule 117617 - U5Cobra4M][GTZC] default value MPCBB3 and MPCBB5 - Not Secured memory - MPCBB2 is applicable
2024-02-20 21:54:50,099 [INFO] Rule:225 - rule 117617 - U5Cobra4M][GTZC] default value MPCBB3 and MPCBB5 - Not Secured memory - MPCBB3 is applicable
2024-02-20 21:54:50,099 [INFO] Rule:225 - rule 117617 - U5Cobra4M][GTZC] default value MPCBB3 and MPCBB5 - Not Secured memory - MPCBB3 is applicable
2024-02-20 21:54:50,099 [INFO] Rule:225 - rule 117617 - U5Cobra4M][GTZC] default value MPCBB3 and MPCBB5 - Not Secured memory - MPCBB4 is applicable
2024-02-20 21:54:50,099 [INFO] Rule:225 - rule 117617 - U5Cobra4M][GTZC] default value MPCBB3 and MPCBB5 - Not Secured memory - MPCBB4 is applicable
2024-02-20 21:54:50,099 [INFO] Rule:225 - rule 117617 - U5Cobra4M][GTZC] default value MPCBB3 and MPCBB5 - Secured memory - MPCBB1 is applicable
2024-02-20 21:54:50,099 [INFO] Rule:225 - rule 117617 - U5Cobra4M][GTZC] default value MPCBB3 and MPCBB5 - Secured memory - MPCBB2 is applicable
2024-02-20 21:54:50,099 [INFO] Rule:225 - rule 117617 - U5Cobra4M][GTZC] default value MPCBB3 and MPCBB5 - Secured memory - MPCBB3 is applicable
2024-02-20 21:54:50,099 [INFO] Rule:225 - rule 117617 - U5Cobra4M][GTZC] default value MPCBB3 and MPCBB5 - Secured memory - MPCBB4 is applicable
2024-02-20 21:54:50,099 [INFO] Rule:225 - rule 117617 - U5Cobra4M][GTZC] default value MPCBB3 and MPCBB5 - Privileged memory - MPCBB1 is applicable
2024-02-20 21:54:50,099 [INFO] Rule:225 - rule 117617 - U5Cobra4M][GTZC] default value MPCBB3 and MPCBB5 - Privileged memory - MPCBB2 is applicable
2024-02-20 21:54:50,099 [INFO] Rule:225 - rule 117617 - U5Cobra4M][GTZC] default value MPCBB3 and MPCBB5 - Privileged memory - MPCBB3 is applicable
2024-02-20 21:54:50,099 [INFO] Rule:225 - rule 117617 - U5Cobra4M][GTZC] default value MPCBB3 and MPCBB5 - Privileged memory - MPCBB4 is applicable
2024-02-20 21:54:50,099 [INFO] Rule:225 - rule 117617 - U5Cobra4M][GTZC] default value MPCBB3 and MPCBB5 - Not Privileged memory - MPCBB1 is applicable
2024-02-20 21:54:50,099 [INFO] Rule:225 - rule 117617 - U5Cobra4M][GTZC] default value MPCBB3 and MPCBB5 - Not Privileged memory - MPCBB2 is applicable
2024-02-20 21:54:50,099 [INFO] Rule:225 - rule 117617 - U5Cobra4M][GTZC] default value MPCBB3 and MPCBB5 - Not Privileged memory - MPCBB3 is applicable
2024-02-20 21:54:50,099 [INFO] Rule:225 - rule 117617 - U5Cobra4M][GTZC] default value MPCBB3 and MPCBB5 - Not Privileged memory - MPCBB4 is applicable
2024-02-20 21:54:50,099 [INFO] Rule:225 - rule 117617 - U5Cobra4M][GTZC] default value MPCBB3 and MPCBB5 - Privileged memory - MPCBB1 is applicable
2024-02-20 21:54:50,099 [INFO] Rule:225 - rule 117617 - U5Cobra4M][GTZC] default value MPCBB3 and MPCBB5 - Privileged memory - MPCBB2 is applicable
2024-02-20 21:54:50,099 [INFO] Rule:225 - rule 117617 - U5Cobra4M][GTZC] default value MPCBB3 and MPCBB5 - Privileged memory - MPCBB3 is applicable
2024-02-20 21:54:50,099 [INFO] Rule:225 - rule 117617 - U5Cobra4M][GTZC] default value MPCBB3 and MPCBB5 - Privileged memory - MPCBB4 is applicable
2024-02-20 21:54:50,099 [INFO] Rule:225 - rule 117617 - U5Cobra4M][GTZC] default value MPCBB3 and MPCBB5 - Privileged memory - MPCBB1 is applicable
2024-02-20 21:54:50,099 [INFO] Rule:225 - rule 117617 - U5Cobra4M][GTZC] default value MPCBB3 and MPCBB5 - Privileged memory - MPCBB2 is applicable
2024-02-20 21:54:50,099 [INFO] Rule:225 - rule 117617 - U5Cobra4M][GTZC] default value MPCBB3 and MPCBB5 - Privileged memory - MPCBB3 is applicable
2024-02-20 21:54:50,099 [INFO] Rule:225 - rule 117617 - U5Cobra4M][GTZC] default value MPCBB3 and MPCBB5 - Privileged memory - MPCBB4 is applicable
2024-02-20 21:54:50,099 [INFO] Rule:225 - rule 117617 - U5Cobra4M][GTZC] default value MPCBB3 and MPCBB5 - Not Privileged memory - MPCBB1 is applicable
2024-02-20 21:54:50,099 [INFO] Rule:225 - rule 117617 - U5Cobra4M][GTZC] default value MPCBB3 and MPCBB5 - Not Privileged memory - MPCBB2 is applicable
2024-02-20 21:54:50,099 [INFO] Rule:225 - rule 117617 - U5Cobra4M][GTZC] default value MPCBB3 and MPCBB5 - Not Privileged memory - MPCBB3 is applicable
2024-02-20 21:54:50,099 [INFO] Rule:225 - rule 117617 - U5Cobra4M][GTZC] default value MPCBB3 and MPCBB5 - Not Privileged memory - MPCBB4 is applicable
2024-02-20 21:54:50,099 [INFO] Rule:225 - rule 117617 - U5Cobra4M][GTZC] default value MPCBB3 and MPCBB5 - Privileged memory - MPCBB1 is applicable
2024-02-20 21:54:50,099 [INFO] Rule:225 - rule 117617 - U5Cobra4M][GTZC] default value MPCBB3 and MPCBB5 - Privileged memory - MPCBB2 is applicable
2024-02-20 21:54:50,099 [INFO] Rule:225 - rule 117617 - U5Cobra4M][GTZC] default value MPCBB3 and MPCBB5 - Privileged memory - MPCBB3 is applicable
2024-02-20 21:54:50,099 [INFO] Rule:225 - rule 117617 - U5Cobra4M][GTZC] default value MPCBB3 and MPCBB5 - Privileged memory - MPCBB4 is applicable
2024-02-20 21:54:50,099 [INFO] Rule:225 - rule Rename SubGHz_Phy SUBGHZ_APPLICATION SUBGHZ_PINGPONG to SUBGHZ_ADV_APPLICATION is applicable
2024-02-20 21:54:50,115 [INFO] Rule:225 - rule Rename Enabled to IBEACON is applicable
2024-02-20 21:54:50,115 [INFO] Rule:225 - rule GTZC_S instance for project manager is applicable
2024-02-20 21:54:50,115 [INFO] Rule:225 - rule GTZC_S instance for context M33S is applicable
2024-02-20 21:54:50,115 [INFO] Rule:225 - rule GTZC_S instance value for IP GTZC is applicable
2024-02-20 21:54:50,115 [INFO] Rule:225 - rule GTZC_S instance for mcu.IP is applicable
2024-02-20 21:54:50,115 [INFO] Rule:225 - rule GTZC_S instance for VP is applicable
2024-02-20 21:54:50,115 [INFO] Rule:225 - rule GTZC_S instance for signal is applicable
2024-02-20 21:54:50,115 [INFO] Rule:225 - rule GTZC_S instance for mcu.Pin is applicable
2024-02-20 21:54:50,115 [INFO] Rule:225 - rule GTZC_S instance for VP is applicable
2024-02-20 21:54:50,115 [INFO] Rule:225 - rule GTZC_S instance for signal is applicable
2024-02-20 21:54:50,115 [INFO] Rule:225 - rule GTZC_S instance for mcu is applicable
2024-02-20 21:54:50,115 [INFO] Rule:225 - rule GTZC_S instance for mcu.Pin is applicable
2024-02-20 21:54:50,115 [INFO] Rule:225 - rule GTZC_S instance value for IP GTZC is applicable
2024-02-20 21:54:50,115 [INFO] Rule:225 - rule GTZC_S instance for project manager is applicable
2024-02-20 21:54:50,115 [INFO] Rule:225 - rule GTZC_S instance for context M33S is applicable
2024-02-20 21:54:50,115 [INFO] Rule:225 - rule GTZC_S instance for VP is applicable
2024-02-20 21:54:50,115 [INFO] Rule:225 - rule GTZC_S instance for signal is applicable
2024-02-20 21:54:50,115 [INFO] Rule:225 - rule SPDIFRX instance for mcu is applicable
2024-02-20 21:54:50,115 [INFO] Rule:225 - rule Rename Tracer Mode is applicable
2024-02-20 21:54:50,115 [INFO] Rule:225 - rule SPDIFRX instance value for IP SPDIFRX is applicable
2024-02-20 21:54:50,115 [INFO] Rule:225 - rule SPDIFRX instance for signal is applicable
2024-02-20 21:54:50,115 [INFO] Rule:225 - rule SPDIFRX instance for project manager is applicable
2024-02-20 21:54:50,115 [INFO] Rule:225 - rule SPDIFRX instance for project manager is applicable
2024-02-20 21:54:50,115 [INFO] Rule:225 - rule ADC Scan  fix with FW F7 is applicable
2024-02-20 21:54:50,115 [INFO] Rule:225 - rule ADC Scan  fix with FW F7 is applicable
2024-02-20 21:54:50,115 [INFO] Rule:225 - rule Add RTC Activate Clock Source is applicable
2024-02-20 21:54:50,115 [INFO] Rule:225 - rule Add RTC Activate Calendar 1 is applicable
2024-02-20 21:54:50,115 [INFO] Rule:225 - rule Add RTC Activate Calendar 2 is applicable
2024-02-20 21:54:50,115 [INFO] Rule:225 - rule Add RTC Activate Calendar 3 is applicable
2024-02-20 21:54:50,115 [INFO] Rule:225 - rule UART/USART TX Mode is applicable
2024-02-20 21:54:50,115 [INFO] Rule:225 - rule UART/USART RX Mode is applicable
2024-02-20 21:54:50,115 [INFO] Rule:225 - rule UART/USART RX TX Mode is applicable
2024-02-20 21:54:50,115 [INFO] Rule:225 - rule UART/USART PARITY NONE is applicable
2024-02-20 21:54:50,115 [INFO] Rule:225 - rule UART/USART PARITY EVEN is applicable
2024-02-20 21:54:50,115 [INFO] Rule:225 - rule UART/USART PARITY ODD is applicable
2024-02-20 21:54:50,115 [INFO] Rule:225 - rule USART StopBits 1 is applicable
2024-02-20 21:54:50,115 [INFO] Rule:225 - rule USART StopBits 2 is applicable
2024-02-20 21:54:50,115 [INFO] Rule:225 - rule USART StopBits 1.5 is applicable
2024-02-20 21:54:50,115 [INFO] Rule:225 - rule USART StopBits 0.5 is applicable
2024-02-20 21:54:50,115 [INFO] Rule:225 - rule UART/USART WORD LENGTH 7 is applicable
2024-02-20 21:54:50,115 [INFO] Rule:225 - rule UART/USART WORD LENGTH 8 is applicable
2024-02-20 21:54:50,120 [INFO] Rule:225 - rule UART/USART WORD LENGTH 9 is applicable
2024-02-20 21:54:50,120 [INFO] Rule:225 - rule Rename FMC NAND NCE signal is applicable
2024-02-20 21:54:50,120 [INFO] Rule:225 - rule Rename FMC NAND INT signal is applicable
2024-02-20 21:54:50,120 [INFO] Rule:225 - rule Change Default Value for LSE Drive Capability for WB family is applicable
2024-02-20 21:54:50,120 [INFO] Rule:225 - rule Change Default Value for ADC Clock Prescaler G0 family is applicable
2024-02-20 21:54:50,120 [INFO] Rule:225 - rule Change Default Value for ADC ExternalTrigConv L4 family is applicable
2024-02-20 21:54:50,120 [INFO] Rule:225 - rule Change Default Value for ADC ExternalTrigInjecConv L4 family is applicable
2024-02-20 21:54:50,121 [INFO] Rule:225 - rule Change Default Value for ADC ExternalTrigConv F3 family is applicable
2024-02-20 21:54:50,121 [INFO] Rule:225 - rule Change Default Value for ADC ExternalTrigInjecConv F3 family is applicable
2024-02-20 21:54:50,121 [INFO] Rule:225 - rule Change Default Value for ADC ExternalTrigConv Goldfish serie is applicable
2024-02-20 21:54:50,121 [INFO] Rule:225 - rule Change Default Value for ADC ExternalTrigInjecConv Goldfish serie is applicable
2024-02-20 21:54:50,121 [INFO] Rule:225 - rule Change Default Value for ADC ExternalTrigConv L0 family is applicable
2024-02-20 21:54:50,121 [INFO] Rule:225 - rule Change Default Value for ADC ExternalTrigConv F0 family is applicable
2024-02-20 21:54:50,121 [INFO] Rule:225 - rule Change Default Value for ADC ExternalTrigConvn L1 family is applicable
2024-02-20 21:54:50,121 [INFO] Rule:225 - rule Change Default Value for ADC ExternalTrigInjecConv L1 family is applicable
2024-02-20 21:54:50,121 [INFO] Rule:225 - rule Change Default Value for ADC ExternalTrigConv F1 family is applicable
2024-02-20 21:54:50,121 [INFO] Rule:225 - rule Change Default Value for ADC ExternalTrigInjecConv F1 family is applicable
2024-02-20 21:54:50,121 [INFO] Rule:225 - rule Change Default Value for ADC ExternalTrigConv F7 family is applicable
2024-02-20 21:54:50,121 [INFO] Rule:225 - rule Change Default Value for ADC ExternalTrigInjecConv F7 family is applicable
2024-02-20 21:54:50,121 [INFO] Rule:225 - rule Change Default Value for ADC ExternalTrigConv F4 and F2 family is applicable
2024-02-20 21:54:50,121 [INFO] Rule:225 - rule Change Default Value for ADC ExternalTrigInjecConv F4 and F2 family is applicable
2024-02-20 21:54:50,121 [INFO] Rule:225 - rule ADC SamplingTime fix with FW L0  is applicable
2024-02-20 21:54:50,121 [INFO] Rule:225 - rule ADC SamplingTime fix with FW L0  is applicable
2024-02-20 21:54:50,121 [INFO] Rule:225 - rule ADC SamplingTime fix with FW L0 is applicable
2024-02-20 21:54:50,121 [INFO] Rule:225 - rule ADC SamplingTime fix with FW L0 is applicable
2024-02-20 21:54:50,121 [INFO] Rule:225 - rule ADC SamplingTime fix with FW L0  is applicable
2024-02-20 21:54:50,121 [INFO] Rule:225 - rule ADC SamplingTime fix with FW L0 is applicable
2024-02-20 21:54:50,123 [INFO] Rule:225 - rule Rename USB_OE Signal is applicable
2024-02-20 21:54:50,123 [INFO] Rule:225 - rule Rename Activate_OE Mode is applicable
2024-02-20 21:54:50,123 [INFO] Rule:225 - rule Rename DIE462/DIE415 pin PC14/OSC32_IN -> PC14-OSC32_IN (PC14) is applicable
2024-02-20 21:54:50,123 [INFO] Rule:225 - rule Rename DIE462/DIE415 pin PC15/OSC32_OUT -> PC15-OSC32_OUT (PC15) is applicable
2024-02-20 21:54:50,123 [INFO] Rule:225 - rule Rename DIE462/DIE415 pin PH0/OSC_IN -> PH0-OSC_IN (PH0) is applicable
2024-02-20 21:54:50,123 [INFO] Rule:225 - rule Rename DIE462/DIE415 pin PH1/OSC_OUT -> PH1-OSC_OUT (PH1) is applicable
2024-02-20 21:54:50,123 [INFO] Rule:225 - rule Rename DIE462 pin PA13 -> PA13 (JTMS/SWDIO) is applicable
2024-02-20 21:54:50,123 [INFO] Rule:225 - rule Rename DIE415 pin PA13 -> PA13 (JTMS/SWDIO) is applicable
2024-02-20 21:54:50,123 [INFO] Rule:225 - rule Rename DIE462 pin PA14 -> PA14 (JTCK/SWCLK) is applicable
2024-02-20 21:54:50,123 [INFO] Rule:225 - rule Rename DIE415 pin PA14 -> PA14 (JTCK/SWCLK) is applicable
2024-02-20 21:54:50,124 [INFO] Rule:225 - rule Rename DIE462/DIE415 pin PA15 -> PA15 (JTDI) is applicable
2024-02-20 21:54:50,124 [INFO] Rule:225 - rule Rename DIE462 pin PB3 -> PB3 (JTD0/TRACESWO) is applicable
2024-02-20 21:54:50,124 [INFO] Rule:225 - rule Rename DIE415 pin PB3 -> PB3 (JTD0-TRACESWO) is applicable
2024-02-20 21:54:50,124 [INFO] Rule:225 - rule Rename DIE462/DIE415 pin PB4 -> PB4 (NJTRST) is applicable
2024-02-20 21:54:50,124 [INFO] Rule:225 - rule Rename DIE462 pin PH3/BOOT0 -> PH3-BOOT0 (BOOT0) is applicable
2024-02-20 21:54:50,124 [INFO] Rule:225 - rule Rename CRYP DataEncryptionTypesList to Algorithm is applicable
2024-02-20 21:54:50,124 [INFO] Rule:225 - rule Rename AES DataEncryptionTypesList to Algorithm is applicable
2024-02-20 21:54:50,124 [INFO] Rule:225 - rule Rename TDESECB to CRYP_TDES_ECB is applicable
2024-02-20 21:54:50,124 [INFO] Rule:225 - rule Rename TDESCBC to CRYP_TDES_CBC is applicable
2024-02-20 21:54:50,124 [INFO] Rule:225 - rule Rename DESECB to CRYP_DES_ECB is applicable
2024-02-20 21:54:50,124 [INFO] Rule:225 - rule Rename DESCBC to CRYP_DES_CBC is applicable
2024-02-20 21:54:50,124 [INFO] Rule:225 - rule Rename AESECB to CRYP_AES_ECB is applicable
2024-02-20 21:54:50,124 [INFO] Rule:225 - rule Rename AESCBC to CRYP_AES_CBC is applicable
2024-02-20 21:54:50,124 [INFO] Rule:225 - rule Rename AESCTR to CRYP_AES_CTR is applicable
2024-02-20 21:54:50,124 [INFO] Rule:225 - rule Rename AESGCM to CRYP_AES_GCM is applicable
2024-02-20 21:54:50,124 [INFO] Rule:225 - rule Rename AESCCM to CRYP_AES_CCM is applicable
2024-02-20 21:54:50,124 [INFO] Rule:225 - rule Rename CAN TimeSeg1 to BS1 is applicable
2024-02-20 21:54:50,124 [INFO] Rule:225 - rule Rename CAN TimeSeg2 to BS2 is applicable
2024-02-20 21:54:50,124 [INFO] Rule:225 - rule Rename CAN SyncJumpWidth to SJW is applicable
2024-02-20 21:54:50,124 [INFO] Rule:225 - rule TimeTriggeredMode to TTCM is applicable
2024-02-20 21:54:50,124 [INFO] Rule:225 - rule Rename CAN AutoBusOff to ABOM is applicable
2024-02-20 21:54:50,124 [INFO] Rule:225 - rule Rename CAN AutoWakeUp to AWUM is applicable
2024-02-20 21:54:50,124 [INFO] Rule:225 - rule Rename CAN AutoRetransmission to NART is applicable
2024-02-20 21:54:50,124 [INFO] Rule:225 - rule Rename CAN ReceiveFifoLocked to RFLM is applicable
2024-02-20 21:54:50,124 [INFO] Rule:225 - rule Rename CAN TransmitFifoPriority to TXFP is applicable
2024-02-20 21:54:50,124 [INFO] Rule:225 - rule Rename HRTIMER HRTIM_OUTPUTFAULTLEVEL_HIGH in HRTIMER HRTIM_OUTPUTFAULTLEVEL_HIGHZ is applicable
2024-02-20 21:54:50,124 [INFO] Rule:225 - rule Rename TIMER TIM_CLEARINPUTSOURCE_OCREFCLR in  TIMER TIM_CLEARINPUTSOURCE_NONE for F7 family is applicable
2024-02-20 21:54:50,124 [INFO] Rule:225 - rule FDCAN_R1 - Rename FDCAN mode Master into Classic is applicable
2024-02-20 21:54:50,124 [INFO] Rule:225 - rule FDCAN_R2 - Rename FDCAN mode Slave into Classic is applicable
2024-02-20 21:54:50,124 [INFO] Rule:225 - rule FDCAN1_R3 - if PA10.Mode=FullDuplex, add Pin PA12 is applicable
2024-02-20 21:54:50,124 [INFO] Rule:225 - rule FDCAN1_R3 - if PA9.Mode=FullDuplex, add Pin PA11 is applicable
2024-02-20 21:54:50,124 [INFO] Rule:225 - rule FDCAN1_R3 - Alternatepin_1 - if PE1.Mode=FullDuplex, add Pin PB9 is applicable
2024-02-20 21:54:50,124 [INFO] Rule:225 - rule FDCAN1_R3 - Alternatepin_1 - if PE0.Mode=FullDuplex, add Pin PB8 is applicable
2024-02-20 21:54:50,124 [INFO] Rule:225 - rule FDCAN1_R3 - Alternatepin_2 - if PD5.Mode=FullDuplex, add Pin PD1 is applicable
2024-02-20 21:54:50,124 [INFO] Rule:225 - rule FDCAN1_R3 - Alternatepin_2 - if PD4.Mode=FullDuplex, add Pin PD0 is applicable
2024-02-20 21:54:50,124 [INFO] Rule:225 - rule FDCAN1_R4 - Rename Mode FullDuplex into Enable FDCAN_TXFD for pin PA10 is applicable
2024-02-20 21:54:50,124 [INFO] Rule:225 - rule FDCAN1_R4 - Rename Mode FullDuplex into Enable FDCAN_TXFD for pin PA9 is applicable
2024-02-20 21:54:50,124 [INFO] Rule:225 - rule FDCAN1_R4 - Alternatepin_1 - Rename Mode FullDuplex into Enable FDCAN_TXFD for pin PE1 is applicable
2024-02-20 21:54:50,124 [INFO] Rule:225 - rule FDCAN1_R4 - Alternatepin_1 - Rename Mode FullDuplex into Enable FDCAN_TXFD for pin PE0 is applicable
2024-02-20 21:54:50,124 [INFO] Rule:225 - rule FDCAN1_R4 - Alternatepin_2 - Rename Mode FullDuplex into Enable FDCAN_TXFD for pin PD5 is applicable
2024-02-20 21:54:50,124 [INFO] Rule:225 - rule FDCAN1_R4 - Alternatepin_2 - Rename Mode FullDuplex into Enable FDCAN_TXFD for pin PD4 is applicable
2024-02-20 21:54:50,124 [INFO] Rule:225 - rule FDCAN2_R3 - if PD10.Mode=FullDuplex, add Pin PB13 is applicable
2024-02-20 21:54:50,124 [INFO] Rule:225 - rule FDCAN2_R3 - if PD9.Mode=FullDuplex, add Pin PB12 is applicable
2024-02-20 21:54:50,124 [INFO] Rule:225 - rule FDCAN2_R3 - Alternatepin_1 - if PB7.Mode=FullDuplex, add Pin PB6 is applicable
2024-02-20 21:54:50,124 [INFO] Rule:225 - rule FDCAN2_R3 - Alternatepin_1 - if PD9.Mode=FullDuplex, add Pin PB12 is applicable
2024-02-20 21:54:50,124 [INFO] Rule:225 - rule FDCAN2_R4 - Rename Mode FullDuplex into Enable FDCAN_TXFD for pin PD10 is applicable
2024-02-20 21:54:50,124 [INFO] Rule:225 - rule FDCAN2_R4 - Rename Mode FullDuplex into Enable FDCAN_TXFD for pin PD9 is applicable
2024-02-20 21:54:50,124 [INFO] Rule:225 - rule FDCAN2_R4 - Alternatepin_1 - Rename Mode FullDuplex into Enable FDCAN_TXFD for pin PB7 is applicable
2024-02-20 21:54:50,124 [INFO] Rule:225 - rule FDCAN2_R4 - Alternatepin_1 - Rename Mode FullDuplex into Enable FDCAN_TXFD for pin PD6 is applicable
2024-02-20 21:54:50,124 [INFO] Rule:225 - rule USART TxPinLevelInvertParam Mode is applicable
2024-02-20 21:54:50,124 [INFO] Rule:225 - rule USART RxPinLevelInvertParam Mode is applicable
2024-02-20 21:54:50,124 [INFO] Rule:225 - rule USART DataInvertParam Mode is applicable
2024-02-20 21:54:50,124 [INFO] Rule:225 - rule USART SwapParam Mode is applicable
2024-02-20 21:54:50,124 [INFO] Rule:225 - rule USART OverrunDisableParam Mode is applicable
2024-02-20 21:54:50,124 [INFO] Rule:225 - rule USART DMADisableonRxErrorParam Mode is applicable
2024-02-20 21:54:50,124 [INFO] Rule:225 - rule USART MSBFirstParam Mode is applicable
2024-02-20 21:54:50,124 [INFO] Rule:225 - rule Update MwName for USB_DEVICE is applicable
2024-02-20 21:54:50,124 [INFO] Rule:225 - rule Change PWR_Regulator_Voltage_Scale Default Value for RCC  H7 family is applicable
2024-02-20 21:54:50,124 [INFO] Rule:225 - rule UART/USART IPParameter rename Prescaler parameter to ClockPrescaler is applicable
2024-02-20 21:54:50,124 [INFO] Rule:225 - rule UART/USART Prescaler rename Prescaler parameter to ClockPrescaler is applicable
2024-02-20 21:54:50,124 [INFO] Rule:225 - rule TIM1CLockSelection is applicable
2024-02-20 21:54:50,124 [INFO] Rule:225 - rule TIM15CLockSelection is applicable
2024-02-20 21:54:50,124 [INFO] Rule:225 - rule align RCC SDMMC3CLockSelection default value on MP1 is applicable
2024-02-20 21:54:50,124 [INFO] Rule:225 - rule align RCC SDMMC12CLockSelection default value on MP1 is applicable
2024-02-20 21:54:50,124 [INFO] Rule:225 - rule align RCC QSPICLockSelection default value on MP1 is applicable
2024-02-20 21:54:50,124 [INFO] Rule:225 - rule align RCC QSPICLockSelection default value on MP1 is applicable
2024-02-20 21:54:50,124 [INFO] Rule:225 - rule align RCC SPI6CLockSelection default value on MP1 is applicable
2024-02-20 21:54:50,124 [INFO] Rule:225 - rule align RCC LPTIM23CLockSelection default value on MP1 is applicable
2024-02-20 21:54:50,124 [INFO] Rule:225 - rule align RCC LPTIM1CLockSelection default value on MP1 is applicable
2024-02-20 21:54:50,124 [INFO] Rule:225 - rule align RCC USART1CLockSelection default value on MP1 is applicable
2024-02-20 21:54:50,124 [INFO] Rule:225 - rule align RCC USART24CLockSelection default value on MP1 is applicable
2024-02-20 21:54:50,124 [INFO] Rule:225 - rule align RCC USART6CLockSelection default value on MP1 is applicable
2024-02-20 21:54:50,124 [INFO] Rule:225 - rule align RCC UART78CLockSelection default value on MP1 is applicable
2024-02-20 21:54:50,124 [INFO] Rule:225 - rule align RCC USART35CLockSelection default value on MP1 is applicable
2024-02-20 21:54:50,124 [INFO] Rule:225 - rule align RCC SPI45CLockSelection default value on MP1 is applicable
2024-02-20 21:54:50,124 [INFO] Rule:225 - rule align RCC I2C46CLockSelection BCLK value on MP1 is applicable
2024-02-20 21:54:50,124 [INFO] Rule:225 - rule align RCC SPI45CLockSelection default value on MP1 is applicable
2024-02-20 21:54:50,124 [INFO] Rule:225 - rule align RCC I2C12CLockSelection default value on MP1 is applicable
2024-02-20 21:54:50,124 [INFO] Rule:225 - rule align RCC I2C35CLockSelection default value on MP1 is applicable
2024-02-20 21:54:50,124 [INFO] Rule:225 - rule align RCC LPTIM45CLockSelection default value on MP1 is applicable
2024-02-20 21:54:50,131 [INFO] Rule:225 - rule Rename DCMI PIXCK signal is applicable
2024-02-20 21:54:50,131 [INFO] Rule:225 - rule Change Default Value for I2C46CLockSelection MP1 family is applicable
2024-02-20 21:54:50,131 [INFO] Rule:225 - rule Change Default Value for UART for G4, G0 and WB families is applicable
2024-02-20 21:54:50,131 [INFO] Rule:225 - rule Change Default Value for USART for G4, G0 and WB families is applicable
2024-02-20 21:54:50,131 [INFO] Rule:225 - rule Change Default Value for USART for G4 family is applicable
2024-02-20 21:54:50,131 [INFO] Rule:225 - rule Change USART1CLockSelection refparam name for MP1 is applicable
2024-02-20 21:54:50,131 [INFO] Rule:225 - rule Change USART2CLockSelection refparam name for MP1 is applicable
2024-02-20 21:54:50,131 [INFO] Rule:225 - rule Change USART3CLockSelection refparam name for MP1 is applicable
2024-02-20 21:54:50,135 [INFO] Rule:225 - rule Change UART4CLockSelection refparam name for MP1 is applicable
2024-02-20 21:54:50,135 [INFO] Rule:225 - rule Change UART5CLockSelection refparam name for MP1 is applicable
2024-02-20 21:54:50,135 [INFO] Rule:225 - rule Change LPUART1CLockSelection refparam name for MP1 is applicable
2024-02-20 21:54:50,135 [INFO] Rule:225 - rule Change LPTIM1CLockSelection refparam name for MP1 is applicable
2024-02-20 21:54:50,135 [INFO] Rule:225 - rule Change LPTIM2CLockSelection refparam name for MP1 is applicable
2024-02-20 21:54:50,136 [INFO] Rule:225 - rule Change RCC_MCO1Source refparam name for MP1 is applicable
2024-02-20 21:54:50,136 [INFO] Rule:225 - rule Change LSCOSource1 refparam name for MP1 is applicable
2024-02-20 21:54:50,136 [INFO] Rule:225 - rule Change SMPSCLockSelection refparam name for MP1 is applicable
2024-02-20 21:54:50,136 [INFO] Rule:225 - rule Change LPTIM3CLockSelection refparam name for MP1 is applicable
2024-02-20 21:54:50,136 [INFO] Rule:225 - rule Change MPCBB* Default Template Mode to Parameters is applicable
2024-02-20 21:54:50,136 [INFO] Rule:225 - rule Change MPCWM* or MPCBB* Secure Mode to Parameters is applicable
2024-02-20 21:54:50,136 [INFO] Rule:225 - rule Change MPCWM* or MPCBB* No Secure Mode to Parameters is applicable
2024-02-20 21:54:50,136 [INFO] Rule:225 - rule Change TZSC IP Secure Mode to Parameters is applicable
2024-02-20 21:54:50,136 [INFO] Rule:225 - rule Change TZSC IP No Secure Mode to Parameters is applicable
2024-02-20 21:54:50,136 [INFO] Rule:225 - rule Change TZSC IP Privilege Mode to Parameters is applicable
2024-02-20 21:54:50,136 [INFO] Rule:225 - rule Change TZSC IP No Privilege Mode to Parameters is applicable
2024-02-20 21:54:50,136 [INFO] Rule:225 - rule Change TZIC IT Secure Mode to Parameters is applicable
2024-02-20 21:54:50,136 [INFO] Rule:225 - rule Change TZIC IT No Secure Mode to Parameters is applicable
2024-02-20 21:54:50,136 [INFO] Rule:225 - rule Add MPCBB1_NonSecureArea_Start_Address value with referenced to MPCBB1_NonSecureArea_Start value is applicable
2024-02-20 21:54:50,136 [INFO] Rule:225 - rule Add MPCBB2_NonSecureArea_Start_Address value with referenced to MPCBB2_NonSecureArea_Start value is applicable
2024-02-20 21:54:50,136 [INFO] Rule:225 - rule Add MPCWM1_NonSecureArea*_Start_Address value with referenced to MPCWM1_NonSecureArea*_Start value is applicable
2024-02-20 21:54:50,136 [INFO] Rule:225 - rule Add MPCWM2_NonSecureArea*_Start_Address value with referenced to MPCWM2_NonSecureArea*_Start value is applicable
2024-02-20 21:54:50,136 [INFO] Rule:225 - rule Add MPCWM3_NonSecureArea_Start_Address value with referenced to MPCWM3_NonSecureArea_Start value is applicable
2024-02-20 21:54:50,136 [INFO] Rule:225 - rule Change Default Value for PLL1UserDefinedConfig is applicable
2024-02-20 21:54:50,136 [INFO] Rule:225 - rule Change GPIO_PuPd Default Value for USART in async mode is applicable
2024-02-20 21:54:50,136 [INFO] Rule:225 - rule Change SMPSDivider Default Value is applicable
2024-02-20 21:54:50,140 [INFO] Rule:225 - rule OPAMP is applicable
2024-02-20 21:54:50,140 [INFO] Rule:225 - rule LPUART IPParameter rename Prescaler parameter to ClockPrescaler for STM32H7 is applicable
2024-02-20 21:54:50,140 [INFO] Rule:225 - rule LPUART IPParameter rename Prescaler parameter to ClockPrescaler for STM32H7 is applicable
2024-02-20 21:54:50,140 [INFO] Rule:225 - rule LPUART IPParameter rename Prescaler parameter to ClockPrescaler for STM32WB is applicable
2024-02-20 21:54:50,140 [INFO] Rule:225 - rule LPUART IPParameter rename Prescaler parameter to ClockPrescaler for STM32WB is applicable
2024-02-20 21:54:50,140 [INFO] Rule:225 - rule LPUART IPParameter rename Prescaler parameter to ClockPrescaler for STM32G4 is applicable
2024-02-20 21:54:50,140 [INFO] Rule:225 - rule LPUART IPParameter rename Prescaler parameter to ClockPrescaler for STM32G4 is applicable
2024-02-20 21:54:50,140 [INFO] Rule:225 - rule LPUART IPParameter rename Prescaler parameter to ClockPrescaler for STM32L5 is applicable
2024-02-20 21:54:50,140 [INFO] Rule:225 - rule LPUART IPParameter rename Prescaler parameter to ClockPrescaler for STM32L5 is applicable
2024-02-20 21:54:50,140 [INFO] Rule:225 - rule LPUART IPParameter rename Prescaler parameter to ClockPrescaler for STM32G4 is applicable
2024-02-20 21:54:50,141 [INFO] Rule:225 - rule LPUART IPParameter rename Prescaler parameter to ClockPrescaler for STM32G4 is applicable
2024-02-20 21:54:50,141 [INFO] Rule:225 - rule USB device lib V2.5.3 for L0 rename USBD_SUPPORT_USER_STRING parameter to USBD_SUPPORT_USER_STRING_DESC4 is applicable
2024-02-20 21:54:50,141 [INFO] Rule:225 - rule I2SCLockSelection clock entry align is applicable
2024-02-20 21:54:50,141 [INFO] Rule:225 - rule Assign TIMx context if used as SYS timebase is applicable
2024-02-20 21:54:50,141 [INFO] Rule:225 - rule Change GPIO_Pu Default Value for I2C is applicable
2024-02-20 21:54:50,141 [INFO] Rule:225 - rule Change GPIO_Pu Default Value for SMBus is applicable
2024-02-20 21:54:50,141 [INFO] Rule:225 - rule change FDCAN default value is applicable
2024-02-20 21:54:50,141 [INFO] Rule:225 - rule Change mode sai is applicable
2024-02-20 21:54:50,141 [INFO] Rule:225 - rule **Change sai mode is applicable
2024-02-20 21:54:50,171 [INFO] DbConfProperties:305 - Apply Compatibility (49/248 Rules)
2024-02-20 21:54:50,251 [INFO] ImportTextPane:193 - (OptionalMessage_ERROR) Unable to find key (Mcu.ThirdPartyNb) in loaded IOC file
2024-02-20 21:54:50,542 [INFO] RtosManager:489 - Registered RTOS mode: class=CMSIS, group=RTOS, mode=CMSIS_V1, owner=FREERTOS
2024-02-20 21:54:50,542 [INFO] RtosManager:489 - Registered RTOS mode: class=CMSIS, group=RTOS2, mode=CMSIS_V2, owner=FREERTOS
2024-02-20 21:54:50,542 [INFO] RtosManager:489 - Registered RTOS mode: class=RTOS, group=Core, mode=CMSIS_V1, owner=FREERTOS
2024-02-20 21:54:50,542 [INFO] RtosManager:489 - Registered RTOS mode: class=RTOS, group=Core, mode=CMSIS_V2, owner=FREERTOS
2024-02-20 21:54:50,542 [WARN] ModelIntegratedComponent:185 - Missing modes for component STMicroelectronics:FreeRTOS:0.0.1:STMicroelectronics:RTOS:FreeRTOS:Core:::10.2.0:
2024-02-20 21:54:50,558 [WARN] ModelIntegratedComponent:183 - Modes not found for component STMicroelectronics:USB_HOST:1.0.0:STMicroelectronics:USB::USB Host:Audio HS::1.0:USB_HOST_1_0_RESTRICTED_HS
2024-02-20 21:54:50,558 [WARN] ModelIntegratedComponent:189 - Modes not found for component STMicroelectronics:USB_HOST:1.0.0:STMicroelectronics:USB::USB Host:Audio HS::1.0:USB_HOST_1_0_RESTRICTED_HS
2024-02-20 21:54:50,558 [WARN] ModelIntegratedComponent:183 - Modes not found for component STMicroelectronics:USB_HOST:1.0.0:STMicroelectronics:USB::USB Host:CDC HS::1.0:USB_HOST_1_0_RESTRICTED_HS
2024-02-20 21:54:50,558 [WARN] ModelIntegratedComponent:189 - Modes not found for component STMicroelectronics:USB_HOST:1.0.0:STMicroelectronics:USB::USB Host:CDC HS::1.0:USB_HOST_1_0_RESTRICTED_HS
2024-02-20 21:54:50,558 [WARN] ModelIntegratedComponent:183 - Modes not found for component STMicroelectronics:USB_HOST:1.0.0:STMicroelectronics:USB::USB Host:MSC HS::1.0:USB_HOST_1_0_RESTRICTED_HS
2024-02-20 21:54:50,558 [WARN] ModelIntegratedComponent:189 - Modes not found for component STMicroelectronics:USB_HOST:1.0.0:STMicroelectronics:USB::USB Host:MSC HS::1.0:USB_HOST_1_0_RESTRICTED_HS
2024-02-20 21:54:50,558 [WARN] ModelIntegratedComponent:183 - Modes not found for component STMicroelectronics:USB_HOST:1.0.0:STMicroelectronics:USB::USB Host:HID HS::1.0:USB_HOST_1_0_RESTRICTED_HS
2024-02-20 21:54:50,558 [WARN] ModelIntegratedComponent:189 - Modes not found for component STMicroelectronics:USB_HOST:1.0.0:STMicroelectronics:USB::USB Host:HID HS::1.0:USB_HOST_1_0_RESTRICTED_HS
2024-02-20 21:54:50,558 [WARN] ModelIntegratedComponent:183 - Modes not found for component STMicroelectronics:USB_HOST:1.0.0:STMicroelectronics:USB::USB Host:MTP HS::1.0:USB_HOST_1_0_RESTRICTED_HS
2024-02-20 21:54:50,558 [WARN] ModelIntegratedComponent:189 - Modes not found for component STMicroelectronics:USB_HOST:1.0.0:STMicroelectronics:USB::USB Host:MTP HS::1.0:USB_HOST_1_0_RESTRICTED_HS
2024-02-20 21:54:50,594 [WARN] ModelIntegratedComponent:64 - No mode defined for component null
2024-02-20 21:54:50,594 [WARN] ModelIntegratedComponent:64 - No mode defined for component null
2024-02-20 21:54:50,602 [WARN] ModelIntegratedComponent:64 - No mode defined for component null
2024-02-20 21:54:50,602 [WARN] ModelIntegratedComponent:64 - No mode defined for component null
2024-02-20 21:54:50,602 [WARN] ModelIntegratedComponent:64 - No mode defined for component null
2024-02-20 21:54:50,602 [WARN] ModelIntegratedComponent:64 - No mode defined for component null
2024-02-20 21:54:50,602 [WARN] ModelIntegratedComponent:64 - No mode defined for component null
2024-02-20 21:54:50,602 [WARN] ModelIntegratedComponent:64 - No mode defined for component null
2024-02-20 21:54:50,602 [WARN] ModelIntegratedComponent:64 - No mode defined for component null
2024-02-20 21:54:50,602 [WARN] ModelIntegratedComponent:64 - No mode defined for component null
2024-02-20 21:54:50,602 [WARN] ModelIntegratedComponent:64 - No mode defined for component null
2024-02-20 21:54:50,602 [WARN] ModelIntegratedComponent:64 - No mode defined for component null
2024-02-20 21:54:50,602 [WARN] ModelIntegratedComponent:64 - No mode defined for component null
2024-02-20 21:54:50,602 [WARN] ModelIntegratedComponent:64 - No mode defined for component null
2024-02-20 21:54:50,603 [WARN] ModelIntegratedComponent:64 - No mode defined for component null
2024-02-20 21:54:50,603 [WARN] ModelIntegratedComponent:64 - No mode defined for component null
2024-02-20 21:54:50,603 [WARN] ModelIntegratedComponent:64 - No mode defined for component null
2024-02-20 21:54:50,603 [WARN] ModelIntegratedComponent:64 - No mode defined for component null
2024-02-20 21:54:50,603 [WARN] ModelIntegratedComponent:64 - No mode defined for component null
2024-02-20 21:54:50,603 [WARN] ModelIntegratedComponent:64 - No mode defined for component null
2024-02-20 21:54:50,603 [WARN] ModelIntegratedComponent:64 - No mode defined for component null
2024-02-20 21:54:50,603 [WARN] ModelIntegratedComponent:64 - No mode defined for component null
2024-02-20 21:54:50,603 [WARN] ModelIntegratedComponent:64 - No mode defined for component null
2024-02-20 21:54:50,603 [WARN] ModelIntegratedComponent:64 - No mode defined for component null
2024-02-20 21:54:50,603 [WARN] ModelIntegratedComponent:64 - No mode defined for component null
2024-02-20 21:54:50,603 [WARN] ModelIntegratedComponent:64 - No mode defined for component null
2024-02-20 21:54:50,603 [WARN] ModelIntegratedComponent:64 - No mode defined for component null
2024-02-20 21:54:50,603 [WARN] ModelIntegratedComponent:64 - No mode defined for component null
2024-02-20 21:54:50,603 [WARN] ModelIntegratedComponent:64 - No mode defined for component null
2024-02-20 21:54:50,603 [WARN] ModelIntegratedComponent:64 - No mode defined for component null
2024-02-20 21:54:50,603 [WARN] ModelIntegratedComponent:64 - No mode defined for component null
2024-02-20 21:54:50,603 [WARN] ModelIntegratedComponent:64 - No mode defined for component null
2024-02-20 21:54:50,603 [WARN] ModelIntegratedComponent:64 - No mode defined for component null
2024-02-20 21:54:51,117 [WARN] ModelIntegratedComponent:183 - Modes not found for component STMicroelectronics:USB_DEVICE:1.0.0:STMicroelectronics:USB::USB Device:Audio HS::1.0:USB_DEVICE_1_0_RESTRICTED_HS
2024-02-20 21:54:51,123 [WARN] ModelIntegratedComponent:189 - Modes not found for component STMicroelectronics:USB_DEVICE:1.0.0:STMicroelectronics:USB::USB Device:Audio HS::1.0:USB_DEVICE_1_0_RESTRICTED_HS
2024-02-20 21:54:51,123 [WARN] ModelIntegratedComponent:183 - Modes not found for component STMicroelectronics:USB_DEVICE:1.0.0:STMicroelectronics:USB::USB Device:CDC HS::1.0:USB_DEVICE_1_0_RESTRICTED_HS
2024-02-20 21:54:51,123 [WARN] ModelIntegratedComponent:189 - Modes not found for component STMicroelectronics:USB_DEVICE:1.0.0:STMicroelectronics:USB::USB Device:CDC HS::1.0:USB_DEVICE_1_0_RESTRICTED_HS
2024-02-20 21:54:51,123 [WARN] ModelIntegratedComponent:183 - Modes not found for component STMicroelectronics:USB_DEVICE:1.0.0:STMicroelectronics:USB::USB Device:DFU HS::1.0:USB_DEVICE_1_0_RESTRICTED_HS
2024-02-20 21:54:51,123 [WARN] ModelIntegratedComponent:189 - Modes not found for component STMicroelectronics:USB_DEVICE:1.0.0:STMicroelectronics:USB::USB Device:DFU HS::1.0:USB_DEVICE_1_0_RESTRICTED_HS
2024-02-20 21:54:51,123 [WARN] ModelIntegratedComponent:183 - Modes not found for component STMicroelectronics:USB_DEVICE:1.0.0:STMicroelectronics:USB::USB Device:HID HS::1.0:USB_DEVICE_1_0_RESTRICTED_HS
2024-02-20 21:54:51,123 [WARN] ModelIntegratedComponent:189 - Modes not found for component STMicroelectronics:USB_DEVICE:1.0.0:STMicroelectronics:USB::USB Device:HID HS::1.0:USB_DEVICE_1_0_RESTRICTED_HS
2024-02-20 21:54:51,123 [WARN] ModelIntegratedComponent:183 - Modes not found for component STMicroelectronics:USB_DEVICE:1.0.0:STMicroelectronics:USB::USB Device:Custom HID HS::1.0:USB_DEVICE_1_0_RESTRICTED_HS
2024-02-20 21:54:51,123 [WARN] ModelIntegratedComponent:189 - Modes not found for component STMicroelectronics:USB_DEVICE:1.0.0:STMicroelectronics:USB::USB Device:Custom HID HS::1.0:USB_DEVICE_1_0_RESTRICTED_HS
2024-02-20 21:54:51,124 [WARN] ModelIntegratedComponent:183 - Modes not found for component STMicroelectronics:USB_DEVICE:1.0.0:STMicroelectronics:USB::USB Device:MSC HS::1.0:USB_DEVICE_1_0_RESTRICTED_HS
2024-02-20 21:54:51,124 [WARN] ModelIntegratedComponent:189 - Modes not found for component STMicroelectronics:USB_DEVICE:1.0.0:STMicroelectronics:USB::USB Device:MSC HS::1.0:USB_DEVICE_1_0_RESTRICTED_HS
2024-02-20 21:54:51,189 [INFO] ThirdPartyModel:294 - Start build external matchings
2024-02-20 21:54:51,994 [INFO] ThirdPartyModel:310 - End build external matchings
2024-02-20 21:54:52,018 [INFO] ImportTextPane:193 - (OptionalMessage_ERROR) IP (RCC) : Parameter (48MHZClocksFreq_Value) has invalid value (84000000)
2024-02-20 21:54:52,025 [INFO] ImportTextPane:193 - (OptionalMessage_ERROR) IP (RCC) : Parameter (FLatency) has Id (AdvancedSettings) currently not set
2024-02-20 21:54:52,025 [INFO] ImportTextPane:193 - (OptionalMessage_ERROR) IP (RCC) : Parameter (RTCHSEDivFreq_Value) has invalid value (4000000)
2024-02-20 21:54:52,632 [INFO] UtilMem:74 - End LoadConfig() Used Memory: 786602848 Bytes (849346560)
2024-02-20 21:54:53,065 [WARN] ThirdParty:807 - waiting for thirdparty lock release [change project]
2024-02-20 21:54:53,065 [INFO] ThirdParty:809 - entering critical section [change project]
2024-02-20 21:54:53,065 [INFO] ThirdParty:999 - CMSIS Pack Vendor :STMicroelectronics X-CUBE-GNSS1 6.0.0
2024-02-20 21:54:53,065 [INFO] ThirdParty:999 - CMSIS Pack Vendor :STMicroelectronics USB_HOST 2.0.0
2024-02-20 21:54:53,065 [INFO] ThirdParty:999 - CMSIS Pack Vendor :STMicroelectronics X-CUBE-AZRTOS-F4 1.1.0
2024-02-20 21:54:53,065 [INFO] ThirdParty:999 - CMSIS Pack Vendor :STMicroelectronics LIBJPEG 8.0.0
2024-02-20 21:54:53,065 [INFO] ThirdParty:999 - CMSIS Pack Vendor :STMicroelectronics X-CUBE-SMBUS 2.1.0
2024-02-20 21:54:53,065 [INFO] ThirdParty:999 - CMSIS Pack Vendor :STMicroelectronics USB_DEVICE 3.0.0
2024-02-20 21:54:53,065 [INFO] ThirdParty:999 - CMSIS Pack Vendor :STMicroelectronics X-CUBE-AZRTOS-WB 2.0.0
2024-02-20 21:54:53,065 [INFO] ThirdParty:999 - CMSIS Pack Vendor :wolfSSL I-CUBE-wolfSSL 5.6.6
2024-02-20 21:54:53,065 [INFO] ThirdParty:999 - CMSIS Pack Vendor :STMicroelectronics X-CUBE-TOUCHGFX 4.23.0
2024-02-20 21:54:53,065 [INFO] ThirdParty:999 - CMSIS Pack Vendor :STMicroelectronics X-CUBE-AZRTOS-F7 1.1.0
2024-02-20 21:54:53,065 [INFO] ThirdParty:999 - CMSIS Pack Vendor :STMicroelectronics X-CUBE-AZRTOS-L5 2.0.0
2024-02-20 21:54:53,065 [INFO] ThirdParty:999 - CMSIS Pack Vendor :STMicroelectronics USB_DEVICE 2.0.0
2024-02-20 21:54:53,065 [INFO] ThirdParty:999 - CMSIS Pack Vendor :ITTIA_DB I-CUBE-ITTIADB 8.8.0
2024-02-20 21:54:53,065 [INFO] ThirdParty:999 - CMSIS Pack Vendor :STMicroelectronics FP-SNS-MOTENV1 4.3.2
2024-02-20 21:54:53,065 [INFO] ThirdParty:999 - CMSIS Pack Vendor :STMicroelectronics X-CUBE-ALGOBUILD 1.3.0
2024-02-20 21:54:53,065 [INFO] ThirdParty:999 - CMSIS Pack Vendor :STMicroelectronics FreeRTOS 0.0.1
2024-02-20 21:54:53,065 [INFO] ThirdParty:999 - CMSIS Pack Vendor :STMicroelectronics X-CUBE-AZRTOS-G0 1.1.0
2024-02-20 21:54:53,065 [INFO] ThirdParty:999 - CMSIS Pack Vendor :STMicroelectronics X-CUBE-NFC4 3.0.0
2024-02-20 21:54:53,065 [INFO] ThirdParty:999 - CMSIS Pack Vendor :STMicroelectronics X-CUBE-SUBG2 5.0.0
2024-02-20 21:54:53,065 [INFO] ThirdParty:999 - CMSIS Pack Vendor :STMicroelectronics STM32_WPAN 1.0.0
2024-02-20 21:54:53,081 [INFO] ThirdParty:999 - CMSIS Pack Vendor :STMicroelectronics lwIP 2.0.3
2024-02-20 21:54:53,081 [INFO] ThirdParty:999 - CMSIS Pack Vendor :STMicroelectronics FP-SNS-FLIGHT1 5.0.2
2024-02-20 21:54:53,081 [INFO] ThirdParty:999 - CMSIS Pack Vendor :STMicroelectronics USB_HOST 1.0.0
2024-02-20 21:54:53,081 [INFO] ThirdParty:999 - CMSIS Pack Vendor :STMicroelectronics X-CUBE-AZRTOS-G4 2.0.0
2024-02-20 21:54:53,081 [INFO] ThirdParty:999 - CMSIS Pack Vendor :STMicroelectronics PDM2PCM 3.1.0
2024-02-20 21:54:53,081 [INFO] ThirdParty:999 - CMSIS Pack Vendor :Infineon AIROC-Wi-Fi-Bluetooth-STM32 1.5.1
2024-02-20 21:54:53,081 [INFO] ThirdParty:999 - CMSIS Pack Vendor :STMicroelectronics X-CUBE-BLEMGR 3.0.0
2024-02-20 21:54:53,081 [INFO] ThirdParty:999 - CMSIS Pack Vendor :STMicroelectronics PDM2PCM 3.3.0
2024-02-20 21:54:53,081 [INFO] ThirdParty:999 - CMSIS Pack Vendor :STMicroelectronics X-CUBE-DISPLAY 3.0.0
2024-02-20 21:54:53,081 [INFO] ThirdParty:999 - CMSIS Pack Vendor :STMicroelectronics FP-SNS-MOTENVWB1 1.3.1
2024-02-20 21:54:53,081 [INFO] ThirdParty:999 - CMSIS Pack Vendor :STMicroelectronics X-CUBE-BLE1 7.0.0
2024-02-20 21:54:53,081 [INFO] ThirdParty:999 - CMSIS Pack Vendor :STMicroelectronics FP-ATR-SIGFOX1 3.2.0
2024-02-20 21:54:53,081 [INFO] ThirdParty:999 - CMSIS Pack Vendor :STMicroelectronics X-CUBE-ISPU 2.0.0
2024-02-20 21:54:53,081 [INFO] ThirdParty:999 - CMSIS Pack Vendor :STMicroelectronics X-CUBE-EEPRMA1 5.1.0
2024-02-20 21:54:53,081 [INFO] ThirdParty:999 - CMSIS Pack Vendor :STMicroelectronics HAL Drivers 0.0.0
2024-02-20 21:54:53,081 [INFO] ThirdParty:999 - CMSIS Pack Vendor :STMicroelectronics MBEDTLS 2.16.2
2024-02-20 21:54:53,081 [INFO] ThirdParty:999 - CMSIS Pack Vendor :emotas I-CUBE-CANOPEN 1.3.0
2024-02-20 21:54:53,081 [INFO] ThirdParty:999 - CMSIS Pack Vendor :STMicroelectronics X-CUBE-MEMS1 10.0.0
2024-02-20 21:54:53,081 [INFO] ThirdParty:999 - CMSIS Pack Vendor :STMicroelectronics X-CUBE-FREERTOS 1.1.0
2024-02-20 21:54:53,081 [INFO] ThirdParty:999 - CMSIS Pack Vendor :STMicroelectronics X-CUBE-NFC7 1.0.1
2024-02-20 21:54:53,081 [INFO] ThirdParty:999 - CMSIS Pack Vendor :STMicroelectronics MBEDTLS 2.14.1
2024-02-20 21:54:53,081 [INFO] ThirdParty:999 - CMSIS Pack Vendor :STMicroelectronics X-CUBE-NFC6 3.0.0
2024-02-20 21:54:53,081 [INFO] ThirdParty:999 - CMSIS Pack Vendor :portGmbH I-Cube-SoM-uGOAL 1.1.0
2024-02-20 21:54:53,081 [INFO] ThirdParty:999 - CMSIS Pack Vendor :STMicroelectronics X-CUBE-ALS 1.0.1
2024-02-20 21:54:53,081 [INFO] ThirdParty:999 - CMSIS Pack Vendor :STMicroelectronics ThreadX 1.0.0
2024-02-20 21:54:53,081 [INFO] ThirdParty:999 - CMSIS Pack Vendor :STMicroelectronics FP-SNS-SMARTAG2 1.2.0
2024-02-20 21:54:53,081 [INFO] ThirdParty:999 - CMSIS Pack Vendor :STMicroelectronics X-CUBE-AZRTOS-WL 2.0.0
2024-02-20 21:54:53,081 [INFO] ThirdParty:999 - CMSIS Pack Vendor :SEGGER I-CUBE-embOS 1.3.1
2024-02-20 21:54:53,081 [INFO] ThirdParty:999 - CMSIS Pack Vendor :STMicroelectronics USB_DEVICE 1.0.0
2024-02-20 21:54:53,081 [INFO] ThirdParty:999 - CMSIS Pack Vendor :STMicroelectronics X-CUBE-AI 8.1.0
2024-02-20 21:54:53,081 [INFO] ThirdParty:999 - CMSIS Pack Vendor :STMicroelectronics X-CUBE-AZRTOS-L4 2.0.0
2024-02-20 21:54:53,081 [INFO] ThirdParty:999 - CMSIS Pack Vendor :STMicroelectronics ThreadX 0.0.2
2024-02-20 21:54:53,081 [INFO] ThirdParty:999 - CMSIS Pack Vendor :WES I-CUBE-Cesium 1.3.0
2024-02-20 21:54:53,081 [INFO] ThirdParty:999 - CMSIS Pack Vendor :STMicroelectronics FP-ATR-ASTRA1 2.0.0
2024-02-20 21:54:53,081 [INFO] ThirdParty:999 - CMSIS Pack Vendor :STMicroelectronics lwIP 2.1.2
2024-02-20 21:54:53,081 [INFO] ThirdParty:999 - CMSIS Pack Vendor :STMicroelectronics X-CUBE-SFXS2LP1 4.0.0
2024-02-20 21:54:53,081 [INFO] ThirdParty:999 - CMSIS Pack Vendor :STMicroelectronics X-CUBE-BLE2 3.3.0
2024-02-20 21:54:53,081 [INFO] ThirdParty:999 - CMSIS Pack Vendor :STMicroelectronics X-CUBE-TOF1 3.4.0
2024-02-20 21:54:53,081 [INFO] ThirdParty:999 - CMSIS Pack Vendor :STMicroelectronics X-CUBE-AZRTOS-H7 3.2.0
2024-02-20 21:54:53,081 [INFO] ThirdParty:999 - CMSIS Pack Vendor :STMicroelectronics PDM2PCM 3.2.0
2024-02-20 21:54:53,081 [INFO] ThirdParty:815 - exiting critical section [change project]
2024-02-20 21:54:53,878 [INFO] PinOutPanel:1477 - setPackage(No Configuration,No Configuration)
2024-02-20 21:54:53,880 [INFO] PinOutPanel:1477 - setPackage(STM32F411RETx,LQFP64)
2024-02-20 21:54:56,169 [INFO] UtilMem:74 - Before build in PCC Used Memory: 778519648 Bytes (864026624)
2024-02-20 21:54:59,393 [INFO] UtilMem:74 - After build in PCC Used Memory: 798979752 Bytes (864026624)
2024-02-20 21:54:59,451 [INFO] IPUIPlugin:79 - create IPUIPlugin
2024-02-20 21:54:59,451 [INFO] IPUIPlugin:79 - create IPUIPlugin
2024-02-20 21:54:59,451 [INFO] IPUIPlugin:79 - create IPUIPlugin
2024-02-20 21:54:59,451 [INFO] IPUIPlugin:79 - create IPUIPlugin
2024-02-20 21:54:59,451 [INFO] IPUIPlugin:79 - create IPUIPlugin
2024-02-20 21:54:59,451 [INFO] IPUIPlugin:79 - create IPUIPlugin
2024-02-20 21:54:59,451 [INFO] IPUIPlugin:79 - create IPUIPlugin
2024-02-20 21:54:59,451 [INFO] IPUIPlugin:79 - create IPUIPlugin
2024-02-20 21:54:59,451 [INFO] IPUIPlugin:79 - create IPUIPlugin
2024-02-20 21:54:59,451 [INFO] IPUIPlugin:79 - create IPUIPlugin
2024-02-20 21:54:59,451 [INFO] IPUIPlugin:79 - create IPUIPlugin
2024-02-20 21:54:59,451 [INFO] IPUIPlugin:79 - create IPUIPlugin
2024-02-20 21:54:59,451 [INFO] IPUIPlugin:79 - create IPUIPlugin
2024-02-20 21:54:59,451 [INFO] IPUIPlugin:79 - create IPUIPlugin
2024-02-20 21:54:59,451 [INFO] IPUIPlugin:79 - create IPUIPlugin
2024-02-20 21:54:59,451 [INFO] IPUIPlugin:79 - create IPUIPlugin
2024-02-20 21:54:59,451 [INFO] IPUIPlugin:79 - create IPUIPlugin
2024-02-20 21:54:59,451 [INFO] IPUIPlugin:79 - create IPUIPlugin
2024-02-20 21:54:59,451 [INFO] IPUIPlugin:79 - create IPUIPlugin
2024-02-20 21:54:59,451 [INFO] IPUIPlugin:79 - create IPUIPlugin
2024-02-20 21:54:59,480 [INFO] IPUIPlugin:79 - create IPUIPlugin
2024-02-20 21:54:59,480 [INFO] IPUIPlugin:79 - create IPUIPlugin
2024-02-20 21:54:59,480 [INFO] IPUIPlugin:79 - create IPUIPlugin
2024-02-20 21:54:59,480 [INFO] IPUIPlugin:79 - create IPUIPlugin
2024-02-20 21:54:59,480 [INFO] IPUIPlugin:79 - create IPUIPlugin
2024-02-20 21:54:59,480 [INFO] IPUIPlugin:79 - create IPUIPlugin
2024-02-20 21:54:59,480 [INFO] IPUIPlugin:79 - create IPUIPlugin
2024-02-20 21:54:59,480 [INFO] IPUIPlugin:79 - create IPUIPlugin
2024-02-20 21:54:59,480 [INFO] IPUIPlugin:79 - create IPUIPlugin
2024-02-20 21:54:59,496 [INFO] IPUIPlugin:79 - create IPUIPlugin
2024-02-20 21:54:59,496 [INFO] IPUIPlugin:79 - create IPUIPlugin
2024-02-20 21:54:59,496 [INFO] IPUIPlugin:79 - create IPUIPlugin
2024-02-20 21:54:59,496 [INFO] IPUIPlugin:79 - create IPUIPlugin
2024-02-20 21:54:59,496 [INFO] IPUIPlugin:79 - create IPUIPlugin
2024-02-20 21:54:59,496 [INFO] IPUIPlugin:79 - create IPUIPlugin
2024-02-20 21:54:59,496 [INFO] IPUIPlugin:79 - create IPUIPlugin
2024-02-20 21:54:59,496 [INFO] IPUIPlugin:79 - create IPUIPlugin
2024-02-20 21:54:59,496 [INFO] IPUIPlugin:79 - create IPUIPlugin
2024-02-20 21:54:59,496 [INFO] IPUIPlugin:79 - create IPUIPlugin
2024-02-20 21:54:59,496 [INFO] IPUIPlugin:79 - create IPUIPlugin
2024-02-20 21:54:59,496 [INFO] IPUIPlugin:79 - create IPUIPlugin
2024-02-20 21:54:59,496 [INFO] IPUIPlugin:79 - create IPUIPlugin
2024-02-20 21:54:59,496 [INFO] IPUIPlugin:79 - create IPUIPlugin
2024-02-20 21:54:59,865 [INFO] ApiDbMcu:505 - Load IP Config File for PDM2PCM
2024-02-20 21:55:00,478 [INFO] CADModel:164 - CPN selected for project levelSTM32F411RET6
2024-02-20 21:55:00,478 [INFO] CADModel:113 - Register for checkConnection events
2024-02-20 21:55:00,559 [INFO] OpenFileManager:327 - Restore cursor
2024-02-20 21:55:06,092 [INFO] UtilMem:74 - End SaveConfig() Used Memory: 767008952 Bytes (864026624)
2024-02-20 21:55:06,195 [INFO] UtilMem:74 - End SaveConfig() Used Memory: 780640440 Bytes (864026624)
2024-02-20 21:55:07,258 [INFO] BlockDiagram:2759 - set Specific Code input for plugin: NVIC
2024-02-20 21:55:07,258 [INFO] BlockDiagram:2759 - set Specific Code input for plugin: USART
2024-02-20 21:55:07,258 [INFO] BlockDiagram:2759 - set Specific Code input for plugin: SYS
2024-02-20 21:55:07,258 [INFO] BlockDiagram:2759 - set Specific Code input for plugin: GPIO
2024-02-20 21:55:07,258 [INFO] BlockDiagram:2759 - set Specific Code input for plugin: RCC
2024-02-20 21:55:07,258 [INFO] CodeGenerator:692 - code generatio: config db path: C:\ST\STM32CubeIDE_1.11.0\STM32CubeIDE\plugins\com.st.stm32cube.common.mx_6.7.0.202211181646\\db\
2024-02-20 21:55:08,609 [INFO] CodeEngine:247 - oldGeneratedFile, D:\Stellies\3Third_Year\EDesign\EDesign_proper\EDesign314\MXTmpFiles\license.tmp_save
2024-02-20 21:55:09,750 [INFO] CodeEngine:271 - Generated code: D:\Stellies\3Third_Year\EDesign\EDesign_proper\EDesign314\MXTmpFiles\license.tmp
2024-02-20 21:55:09,970 [INFO] CodeEngine:247 - oldGeneratedFile, D:\Stellies\3Third_Year\EDesign\EDesign_proper\EDesign314\MXTmpFiles\gpio.tmp_save
2024-02-20 21:55:10,248 [INFO] CodeEngine:271 - Generated code: D:\Stellies\3Third_Year\EDesign\EDesign_proper\EDesign314\MXTmpFiles\gpio.tmp
2024-02-20 21:55:10,820 [INFO] CodeEngine:247 - oldGeneratedFile, D:\Stellies\3Third_Year\EDesign\EDesign_proper\EDesign314\Core\Src\stm32f4xx_it.c_save
2024-02-20 21:55:11,041 [INFO] CodeEngine:271 - Generated code: D:\Stellies\3Third_Year\EDesign\EDesign_proper\EDesign314\Core\Src\stm32f4xx_it.c
2024-02-20 21:55:11,086 [INFO] CodeEngine:247 - oldGeneratedFile, D:\Stellies\3Third_Year\EDesign\EDesign_proper\EDesign314\Core\Inc\stm32f4xx_it.h_save
2024-02-20 21:55:11,274 [INFO] CodeEngine:271 - Generated code: D:\Stellies\3Third_Year\EDesign\EDesign_proper\EDesign314\Core\Inc\stm32f4xx_it.h
2024-02-20 21:55:11,338 [INFO] CodeEngine:247 - oldGeneratedFile, D:\Stellies\3Third_Year\EDesign\EDesign_proper\EDesign314\Core\Src\stm32f4xx_hal_msp.c_save
2024-02-20 21:55:11,647 [INFO] CodeEngine:271 - Generated code: D:\Stellies\3Third_Year\EDesign\EDesign_proper\EDesign314\Core\Src\stm32f4xx_hal_msp.c
2024-02-20 21:55:11,703 [INFO] CodeEngine:247 - oldGeneratedFile, D:\Stellies\3Third_Year\EDesign\EDesign_proper\EDesign314\MXTmpFiles\system.tmp_save
2024-02-20 21:55:11,856 [INFO] CodeEngine:271 - Generated code: D:\Stellies\3Third_Year\EDesign\EDesign_proper\EDesign314\MXTmpFiles\system.tmp
2024-02-20 21:55:12,017 [INFO] CodeEngine:303 - oldGeneratedFile, D:\Stellies\3Third_Year\EDesign\EDesign_proper\EDesign314\Core\Inc\stm32f4xx_hal_conf.h_save
2024-02-20 21:55:12,278 [INFO] CodeEngine:327 - Generated code: D:\Stellies\3Third_Year\EDesign\EDesign_proper\EDesign314\Core\Inc\stm32f4xx_hal_conf.h
2024-02-20 21:55:12,438 [INFO] CodeEngine:247 - oldGeneratedFile, D:\Stellies\3Third_Year\EDesign\EDesign_proper\EDesign314\Core\Inc\main.h_save
2024-02-20 21:55:12,914 [INFO] CodeEngine:271 - Generated code: D:\Stellies\3Third_Year\EDesign\EDesign_proper\EDesign314\Core\Inc\main.h
2024-02-20 21:55:12,995 [INFO] CodeEngine:247 - oldGeneratedFile, D:\Stellies\3Third_Year\EDesign\EDesign_proper\EDesign314\Core\Src\main.c_save
2024-02-20 21:55:13,394 [INFO] CodeEngine:271 - Generated code: D:\Stellies\3Third_Year\EDesign\EDesign_proper\EDesign314\Core\Src\main.c
2024-02-20 21:55:15,616 [INFO] ProjectBuilder:2919 - Time for Copy HAL[1] : 862mS.
2024-02-20 21:55:15,638 [INFO] ProjectBuilder:4183 - Project Generator version: 3.18.0-B7
2024-02-20 21:55:16,419 [INFO] ConfigFileManager:1396 - The Die is : DIE431
2024-02-20 21:55:16,523 [INFO] ApiDbMcu:505 - Load IP Config File for FATFS
2024-02-20 21:55:16,604 [INFO] ApiDbMcu:505 - Load IP Config File for FREERTOS
2024-02-20 21:55:16,620 [INFO] ApiDbMcu:505 - Load IP Config File for LIBJPEG
2024-02-20 21:55:16,652 [INFO] ApiDbMcu:505 - Load IP Config File for MBEDTLS
2024-02-20 21:55:16,717 [INFO] ApiDbMcu:505 - Load IP Config File for USB_DEVICE
2024-02-20 21:55:16,749 [INFO] ApiDbMcu:505 - Load IP Config File for USB_HOST
2024-02-20 21:55:38,129 [INFO] ProjectBuilder:4351 - Time for Generating toolchain IDE Files: 22491mS.
2024-02-20 21:55:38,129 [INFO] ProjectBuilder:2790 - Time for Copy CMSIS : 0mS.
2024-02-20 21:55:38,129 [INFO] ProjectBuilder:2790 - Time for Copy CMSIS : 0mS.
2024-02-20 21:55:39,143 [INFO] McuFinderGlobals:65 - Set McuFinderConnectedMode to true
2024-02-20 21:55:39,149 [INFO] ApiDb:447 - Save user favorites file C:\Users\Tando/.stm32cubeide/favorites.mcus.txt: 0 item(s)
2024-02-20 21:55:39,150 [INFO] ApiDb:451 - User favorites MCUs=[]
2024-02-20 21:55:39,164 [INFO] ApiDb:447 - Save user favorites file C:\Users\Tando/.stm32cubeide/favorites.boards.txt: 0 item(s)
2024-02-20 21:55:39,165 [INFO] ApiDb:451 - User favorites Boards=[]
2024-02-20 22:18:33,909 [INFO] NvicIntPanel:100 - NVIC parent = com.st.microxplorer.plugins.ip.nvic.MultiNvicIntPanel[,0,0,0x0,invalid,layout=javax.swing.BoxLayout,alignmentX=0.0,alignmentY=0.0,border=,flags=9,maximumSize=,minimumSize=,preferredSize=]
2024-02-20 22:18:37,298 [INFO] NvicIntPanel:100 - NVIC parent = com.st.microxplorer.plugins.ip.nvic.MultiNvicIntPanel[,0,0,0x0,invalid,layout=javax.swing.BoxLayout,alignmentX=0.0,alignmentY=0.0,border=,flags=9,maximumSize=,minimumSize=,preferredSize=]
2024-02-20 22:18:41,468 [INFO] NvicIntPanel:100 - NVIC parent = com.st.microxplorer.plugins.ip.nvic.MultiNvicIntPanel[,0,0,450x241,layout=javax.swing.BoxLayout,alignmentX=0.0,alignmentY=0.0,border=,flags=9,maximumSize=,minimumSize=,preferredSize=]
2024-02-20 22:18:45,651 [INFO] NvicIntPanel:100 - NVIC parent = com.st.microxplorer.plugins.ip.nvic.MultiNvicIntPanel[,0,0,0x0,invalid,layout=javax.swing.BoxLayout,alignmentX=0.0,alignmentY=0.0,border=,flags=9,maximumSize=,minimumSize=,preferredSize=]
2024-02-20 22:18:57,148 [INFO] UtilMem:74 - End SaveConfig() Used Memory: 583208568 Bytes (1003487232)
2024-02-20 22:18:59,083 [INFO] UtilMem:74 - End SaveConfig() Used Memory: 599256032 Bytes (1003487232)
2024-02-20 22:19:09,211 [INFO] UtilMem:74 - End SaveConfig() Used Memory: 728757216 Bytes (1003487232)
2024-02-20 22:19:09,836 [INFO] BlockDiagram:2759 - set Specific Code input for plugin: NVIC
2024-02-20 22:19:09,836 [INFO] BlockDiagram:2759 - set Specific Code input for plugin: USART
2024-02-20 22:19:09,836 [INFO] BlockDiagram:2759 - set Specific Code input for plugin: SYS
2024-02-20 22:19:09,836 [INFO] BlockDiagram:2759 - set Specific Code input for plugin: GPIO
2024-02-20 22:19:09,836 [INFO] BlockDiagram:2759 - set Specific Code input for plugin: RCC
2024-02-20 22:19:09,836 [INFO] CodeGenerator:692 - code generatio: config db path: C:\ST\STM32CubeIDE_1.11.0\STM32CubeIDE\plugins\com.st.stm32cube.common.mx_6.7.0.202211181646\\db\
2024-02-20 22:19:10,273 [INFO] CodeEngine:247 - oldGeneratedFile, D:\Stellies\3Third_Year\EDesign\EDesign_proper\EDesign314\MXTmpFiles\license.tmp_save
2024-02-20 22:19:10,617 [INFO] CodeEngine:271 - Generated code: D:\Stellies\3Third_Year\EDesign\EDesign_proper\EDesign314\MXTmpFiles\license.tmp
2024-02-20 22:19:10,742 [INFO] CodeEngine:247 - oldGeneratedFile, D:\Stellies\3Third_Year\EDesign\EDesign_proper\EDesign314\MXTmpFiles\gpio.tmp_save
2024-02-20 22:19:10,977 [INFO] CodeEngine:271 - Generated code: D:\Stellies\3Third_Year\EDesign\EDesign_proper\EDesign314\MXTmpFiles\gpio.tmp
2024-02-20 22:19:11,289 [INFO] CodeEngine:247 - oldGeneratedFile, D:\Stellies\3Third_Year\EDesign\EDesign_proper\EDesign314\Core\Src\stm32f4xx_it.c_save
2024-02-20 22:19:11,930 [INFO] CodeEngine:271 - Generated code: D:\Stellies\3Third_Year\EDesign\EDesign_proper\EDesign314\Core\Src\stm32f4xx_it.c
2024-02-20 22:19:11,961 [INFO] CodeEngine:247 - oldGeneratedFile, D:\Stellies\3Third_Year\EDesign\EDesign_proper\EDesign314\Core\Inc\stm32f4xx_it.h_save
2024-02-20 22:19:12,102 [INFO] CodeEngine:271 - Generated code: D:\Stellies\3Third_Year\EDesign\EDesign_proper\EDesign314\Core\Inc\stm32f4xx_it.h
2024-02-20 22:19:12,148 [INFO] CodeEngine:247 - oldGeneratedFile, D:\Stellies\3Third_Year\EDesign\EDesign_proper\EDesign314\Core\Src\stm32f4xx_hal_msp.c_save
2024-02-20 22:19:12,367 [INFO] CodeEngine:271 - Generated code: D:\Stellies\3Third_Year\EDesign\EDesign_proper\EDesign314\Core\Src\stm32f4xx_hal_msp.c
2024-02-20 22:19:12,398 [INFO] CodeEngine:247 - oldGeneratedFile, D:\Stellies\3Third_Year\EDesign\EDesign_proper\EDesign314\MXTmpFiles\system.tmp_save
2024-02-20 22:19:12,523 [INFO] CodeEngine:271 - Generated code: D:\Stellies\3Third_Year\EDesign\EDesign_proper\EDesign314\MXTmpFiles\system.tmp
2024-02-20 22:19:12,586 [INFO] CodeEngine:303 - oldGeneratedFile, D:\Stellies\3Third_Year\EDesign\EDesign_proper\EDesign314\Core\Inc\stm32f4xx_hal_conf.h_save
2024-02-20 22:19:12,711 [INFO] CodeEngine:327 - Generated code: D:\Stellies\3Third_Year\EDesign\EDesign_proper\EDesign314\Core\Inc\stm32f4xx_hal_conf.h
2024-02-20 22:19:12,820 [INFO] CodeEngine:247 - oldGeneratedFile, D:\Stellies\3Third_Year\EDesign\EDesign_proper\EDesign314\Core\Inc\main.h_save
2024-02-20 22:19:12,992 [INFO] CodeEngine:271 - Generated code: D:\Stellies\3Third_Year\EDesign\EDesign_proper\EDesign314\Core\Inc\main.h
2024-02-20 22:19:13,023 [INFO] CodeEngine:247 - oldGeneratedFile, D:\Stellies\3Third_Year\EDesign\EDesign_proper\EDesign314\Core\Src\main.c_save
2024-02-20 22:19:13,227 [INFO] CodeEngine:271 - Generated code: D:\Stellies\3Third_Year\EDesign\EDesign_proper\EDesign314\Core\Src\main.c
2024-02-20 22:19:14,633 [INFO] ProjectBuilder:2919 - Time for Copy HAL[1] : 578mS.
2024-02-20 22:19:14,648 [INFO] ProjectBuilder:4183 - Project Generator version: 3.18.0-B7
2024-02-20 22:19:15,164 [INFO] ConfigFileManager:1396 - The Die is : DIE431
2024-02-20 22:19:19,477 [INFO] ProjectBuilder:4351 - Time for Generating toolchain IDE Files: 4829mS.
2024-02-20 22:19:19,477 [INFO] ProjectBuilder:2790 - Time for Copy CMSIS : 0mS.
2024-02-20 22:19:19,477 [INFO] ProjectBuilder:2790 - Time for Copy CMSIS : 0mS.
2024-02-20 22:21:53,290 [INFO] JxBrowserEngine:114 - Initiate JxBrowser Engine with user profile folder
2024-02-20 22:22:08,929 [INFO] WebAppUi:459 - Close the Jxbrowser engine manually
2024-02-20 22:22:08,976 [INFO] WebAppUi:462 - Profiles folder deleted
2024-02-20 22:22:09,963 [ERROR] LogOutputStream:74 - [STDERR_REDIRECT] 
